OOOOOO
OS   O
OBR  O
O O  O
O    O
OOOOOO

OOOOOO
OSR  O
OB   O
O O  O
O    O
OOOOOO

OOOOOO
OR   O
OB   O
O O  O
O    O
OOOOOO

OOOOOO
OS   O
OR   O
OBO  O
O    O
OOOOOO

OOOOOO
OR   O
O    O
OBO  O
O    O
OOOOOO

OOOOOO
OSR  O
O    O
OBO  O
O    O
OOOOOO

OOOOOO
OS R O
O    O
OBO  O
O    O
OOOOOO

OOOOOO
OS   O
O  R O
OBO  O
O    O
OOOOOO

OOOOOO
OS   O
O    O
OBOR O
O    O
OOOOOO

OOOOOO
OS   O
O    O
OBO  O
O  R O
OOOOOO

OOOOOO
OS   O
O    O
OBO  O
O R  O
OOOOOO

OOOOOO
OS   O
O    O
OBO  O
OR   O
OOOOOO

OOOOOO
OS   O
OB   O
ORO  O
O    O
OOOOOO

OOOOOO
OB   O
OR   O
O O  O
O    O
OOOOOO

