OOOOOO
O BR O
O BO O
OO   O
OOSS O
OOOOOO

OOOOOO
O B RO
O BO O
OO   O
OOSS O
OOOOOO

OOOOOO
O B  O
O BORO
OO   O
OOSS O
OOOOOO

OOOOOO
O B  O
O BO O
OO  RO
OOSS O
OOOOOO

OOOOOO
O B  O
O BO O
OO   O
OOSSRO
OOOOOO

OOOOOO
O B  O
O BO O
OO   O
OOSR O
OOOOOO

OOOOOO
O B  O
O BO O
OO   O
OORS O
OOOOOO

OOOOOO
O B  O
O BO O
OOR  O
OOSS O
OOOOOO

OOOOOO
O B  O
O  O O
OOB  O
OORS O
OOOOOO

OOOOOO
O B  O
O  O O
OOB  O
OOSR O
OOOOOO

OOOOOO
O B  O
O  O O
OOBR O
OOSS O
OOOOOO

OOOOOO
O B  O
O  O O
OO BRO
OOSS O
OOOOOO

OOOOOO
O B  O
O  O O
OO B O
OOSSRO
OOOOOO

OOOOOO
O B  O
O  O O
OO B O
OOSR O
OOOOOO

OOOOOO
O B  O
O  O O
OO B O
OORS O
OOOOOO

OOOOOO
O B  O
O  O O
OORB O
OOSS O
OOOOOO

OOOOOO
O B  O
O RO O
OO B O
OOSS O
OOOOOO

OOOOOO
O    O
O BO O
OORB O
OOSS O
OOOOOO

OOOOOO
O    O
O  O O
OOBB O
OORS O
OOOOOO

OOOOOO
O    O
O  O O
OOBB O
OOSR O
OOOOOO

OOOOOO
O    O
O  O O
OOBB O
OOSSRO
OOOOOO

OOOOOO
O    O
O  O O
OOBBRO
OOSS O
OOOOOO

OOOOOO
O    O
O  ORO
OOBB O
OOSS O
OOOOOO

OOOOOO
O   RO
O  O O
OOBB O
OOSS O
OOOOOO

OOOOOO
O  R O
O  O O
OOBB O
OOSS O
OOOOOO

OOOOOO
O R  O
O  O O
OOBB O
OOSS O
OOOOOO

OOOOOO
O    O
O RO O
OOBB O
OOSS O
OOOOOO

OOOOOO
O    O
O  O O
OORB O
OOBS O
OOOOOO

OOOOOO
O    O
O RO O
OO B O
OOBS O
OOOOOO

OOOOOO
O R  O
O  O O
OO B O
OOBS O
OOOOOO

OOOOOO
O  R O
O  O O
OO B O
OOBS O
OOOOOO

OOOOOO
O   RO
O  O O
OO B O
OOBS O
OOOOOO

OOOOOO
O    O
O  ORO
OO B O
OOBS O
OOOOOO

OOOOOO
O    O
O  O O
OO BRO
OOBS O
OOOOOO

OOOOOO
O    O
O  O O
OOBR O
OOBS O
OOOOOO

OOOOOO
O    O
O  O O
OOB  O
OOBR O
OOOOOO

OOOOOO
O    O
O  O O
OOB  O
OOSBRO
OOOOOO

OOOOOO
O    O
O  O O
OOB RO
OOSB O
OOOOOO

OOOOOO
O    O
O  ORO
OOB  O
OOSB O
OOOOOO

OOOOOO
O   RO
O  O O
OOB  O
OOSB O
OOOOOO

OOOOOO
O  R O
O  O O
OOB  O
OOSB O
OOOOOO

OOOOOO
O R  O
O  O O
OOB  O
OOSB O
OOOOOO

OOOOOO
O    O
O RO O
OOB  O
OOSB O
OOOOOO

OOOOOO
O    O
O  O O
OOR  O
OOBB O
OOOOOO

