OOOOOOOOO
OSSS B  O
OS SBB  O
OSSS B  O
O B O OOO
OBBB  OOO
O   OOOOO
O R OOOOO
OOOOOOOOO

OOOOOOOOO
OSSS B  O
OS SBB  O
OSSS B  O
O B O OOO
OBBB  OOO
O R OOOOO
O   OOOOO
OOOOOOOOO

OOOOOOOOO
OSSS B  O
OS SBB  O
OSSS B  O
O B O OOO
OBBB  OOO
O  ROOOOO
O   OOOOO
OOOOOOOOO

OOOOOOOOO
OSSS B  O
OS SBB  O
OSSS B  O
O BBO OOO
OBBR  OOO
O   OOOOO
O   OOOOO
OOOOOOOOO

OOOOOOOOO
OSSS B  O
OS SBB  O
OSSB B  O
O BRO OOO
OBB   OOO
O   OOOOO
O   OOOOO
OOOOOOOOO

OOOOOOOOO
OSSS B  O
OS SBB  O
OSSB B  O
OBR O OOO
OBB   OOO
O   OOOOO
O   OOOOO
OOOOOOOOO

OOOOOOOOO
OSSS B  O
OS SBB  O
OSRB B  O
OBB O OOO
OB    OOO
O   OOOOO
O   OOOOO
OOOOOOOOO

OOOOOOOOO
OSSS B  O
OSRSBB  O
OSBB B  O
OB  O OOO
OB    OOO
O   OOOOO
O   OOOOO
OOOOOOOOO

OOOOOOOOO
OSSS B  O
OS RBB  O
OSBB B  O
OB  O OOO
OB    OOO
O   OOOOO
O   OOOOO
OOOOOOOOO

OOOOOOOOO
OSSS B  O
OSRB B  O
OSBB B  O
OB  O OOO
OB    OOO
O   OOOOO
O   OOOOO
OOOOOOOOO

OOOOOOOOO
OSSS B  O
OR B B  O
OSBB B  O
OB  O OOO
OB    OOO
O   OOOOO
O   OOOOO
OOOOOOOOO

OOOOOOOOO
OSSS B  O
OS B B  O
ORBB B  O
OB  O OOO
OB    OOO
O   OOOOO
O   OOOOO
OOOOOOOOO

OOOOOOOOO
OSSS B  O
OR B B  O
OBBB B  O
O   O OOO
OB    OOO
O   OOOOO
O   OOOOO
OOOOOOOOO

OOOOOOOOO
ORSS B  O
OS B B  O
OBBB B  O
O   O OOO
OB    OOO
O   OOOOO
O   OOOOO
OOOOOOOOO

OOOOOOOOO
OSRS B  O
OS B B  O
OBBB B  O
O   O OOO
OB    OOO
O   OOOOO
O   OOOOO
OOOOOOOOO

OOOOOOOOO
OSSR B  O
OS B B  O
OBBB B  O
O   O OOO
OB    OOO
O   OOOOO
O   OOOOO
OOOOOOOOO

OOOOOOOOO
OSSSRB  O
OS B B  O
OBBB B  O
O   O OOO
OB    OOO
O   OOOOO
O   OOOOO
OOOOOOOOO

OOOOOOOOO
OSSRB   O
OS B B  O
OBBB B  O
O   O OOO
OB    OOO
O   OOOOO
O   OOOOO
OOOOOOOOO

OOOOOOOOO
OSRB    O
OS B B  O
OBBB B  O
O   O OOO
OB    OOO
O   OOOOO
O   OOOOO
OOOOOOOOO

OOOOOOOOO
ORBS    O
OS B B  O
OBBB B  O
O   O OOO
OB    OOO
O   OOOOO
O   OOOOO
OOOOOOOOO

OOOOOOOOO
OSBS    O
OR B B  O
OBBB B  O
O   O OOO
OB    OOO
O   OOOOO
O   OOOOO
OOOOOOOOO

OOOOOOOOO
ORBS    O
OB B B  O
OSBB B  O
O   O OOO
OB    OOO
O   OOOOO
O   OOOOO
OOOOOOOOO

OOOOOOOOO
OSRB    O
OB B B  O
OSBB B  O
O   O OOO
OB    OOO
O   OOOOO
O   OOOOO
OOOOOOOOO

OOOOOOOOO
OSSB    O
OBRB B  O
OSBB B  O
O   O OOO
OB    OOO
O   OOOOO
O   OOOOO
OOOOOOOOO

OOOOOOOOO
OSSB    O
OB B B  O
OSRB B  O
O B O OOO
OB    OOO
O   OOOOO
O   OOOOO
OOOOOOOOO

OOOOOOOOO
OSSB    O
OB B B  O
ORBS B  O
O B O OOO
OB    OOO
O   OOOOO
O   OOOOO
OOOOOOOOO

OOOOOOOOO
OSSB    O
OB B B  O
OSBS B  O
ORB O OOO
OB    OOO
O   OOOOO
O   OOOOO
OOOOOOOOO

OOOOOOOOO
OSSB    O
OB B B  O
ORBS B  O
OBB O OOO
O     OOO
O   OOOOO
O   OOOOO
OOOOOOOOO

OOOOOOOOO
OSSB    O
OB B B  O
OSRB B  O
OBB O OOO
O     OOO
O   OOOOO
O   OOOOO
OOOOOOOOO

OOOOOOOOO
OSSB    O
OBRB B  O
OSBB B  O
OB  O OOO
O     OOO
O   OOOOO
O   OOOOO
OOOOOOOOO

OOOOOOOOO
OSRB    O
OB B B  O
OSBB B  O
OB  O OOO
O     OOO
O   OOOOO
O   OOOOO
OOOOOOOOO

OOOOOOOOO
ORBS    O
OB B B  O
OSBB B  O
OB  O OOO
O     OOO
O   OOOOO
O   OOOOO
OOOOOOOOO

OOOOOOOOO
OSBS    O
OR B B  O
OBBB B  O
OB  O OOO
O     OOO
O   OOOOO
O   OOOOO
OOOOOOOOO

OOOOOOOOO
OSBS    O
OSRB B  O
OBBB B  O
OB  O OOO
O     OOO
O   OOOOO
O   OOOOO
OOOOOOOOO

OOOOOOOOO
OSBS    O
OS RBB  O
OBBB B  O
OB  O OOO
O     OOO
O   OOOOO
O   OOOOO
OOOOOOOOO

OOOOOOOOO
OSBR    O
OS BBB  O
OBBS B  O
OB  O OOO
O     OOO
O   OOOOO
O   OOOOO
OOOOOOOOO

OOOOOOOOO
OBRS    O
OS BBB  O
OBBS B  O
OB  O OOO
O     OOO
O   OOOOO
O   OOOOO
OOOOOOOOO

OOOOOOOOO
OBSR    O
OS BBB  O
OBBS B  O
OB  O OOO
O     OOO
O   OOOOO
O   OOOOO
OOOOOOOOO

OOOOOOOOO
OBSS    O
OS RBB  O
OBBB B  O
OB  O OOO
O     OOO
O   OOOOO
O   OOOOO
OOOOOOOOO

OOOOOOOOO
OBSS    O
OSRB B  O
OBBB B  O
OB  O OOO
O     OOO
O   OOOOO
O   OOOOO
OOOOOOOOO

OOOOOOOOO
OBRS    O
OS B B  O
OBBB B  O
OB  O OOO
O     OOO
O   OOOOO
O   OOOOO
OOOOOOOOO

OOOOOOOOO
OBSR    O
OS B B  O
OBBB B  O
OB  O OOO
O     OOO
O   OOOOO
O   OOOOO
OOOOOOOOO

OOOOOOOOO
OBSSR   O
OS B B  O
OBBB B  O
OB  O OOO
O     OOO
O   OOOOO
O   OOOOO
OOOOOOOOO

OOOOOOOOO
OBSS R  O
OS B B  O
OBBB B  O
OB  O OOO
O     OOO
O   OOOOO
O   OOOOO
OOOOOOOOO

OOOOOOOOO
OBSS  R O
OS B B  O
OBBB B  O
OB  O OOO
O     OOO
O   OOOOO
O   OOOOO
OOOOOOOOO

OOOOOOOOO
OBSS    O
OS B BR O
OBBB B  O
OB  O OOO
O     OOO
O   OOOOO
O   OOOOO
OOOOOOOOO

OOOOOOOOO
OBSS    O
OS BBR  O
OBBB B  O
OB  O OOO
O     OOO
O   OOOOO
O   OOOOO
OOOOOOOOO

OOOOOOOOO
OBSS    O
OS BB R O
OBBB B  O
OB  O OOO
O     OOO
O   OOOOO
O   OOOOO
OOOOOOOOO

OOOOOOOOO
OBSS    O
OS BB   O
OBBB BR O
OB  O OOO
O     OOO
O   OOOOO
O   OOOOO
OOOOOOOOO

OOOOOOOOO
OBSS    O
OS BB   O
OBBBBR  O
OB  O OOO
O     OOO
O   OOOOO
O   OOOOO
OOOOOOOOO

OOOOOOOOO
OBSS    O
OS BB   O
OBBBB   O
OB  OROOO
O     OOO
O   OOOOO
O   OOOOO
OOOOOOOOO

OOOOOOOOO
OBSS    O
OS BB   O
OBBBB   O
OB  O OOO
O    ROOO
O   OOOOO
O   OOOOO
OOOOOOOOO

OOOOOOOOO
OBSS    O
OS BB   O
OBBBB   O
OB  O OOO
O   R OOO
O   OOOOO
O   OOOOO
OOOOOOOOO

OOOOOOOOO
OBSS    O
OS BB   O
OBBBB   O
OB  O OOO
O  R  OOO
O   OOOOO
O   OOOOO
OOOOOOOOO

OOOOOOOOO
OBSS    O
OS BB   O
OBBBB   O
OB RO OOO
O     OOO
O   OOOOO
O   OOOOO
OOOOOOOOO

OOOOOOOOO
OBSS    O
OS BB   O
OBBBB   O
OBR O OOO
O     OOO
O   OOOOO
O   OOOOO
OOOOOOOOO

OOOOOOOOO
OBSS    O
OS BB   O
OBBBB   O
O BRO OOO
O     OOO
O   OOOOO
O   OOOOO
OOOOOOOOO

OOOOOOOOO
OBSS    O
OS BB   O
OBBBB   O
O B O OOO
O  R  OOO
O   OOOOO
O   OOOOO
OOOOOOOOO

OOOOOOOOO
OBSS    O
OS BB   O
OBBBB   O
O B O OOO
O R   OOO
O   OOOOO
O   OOOOO
OOOOOOOOO

OOOOOOOOO
OBSS    O
OS BB   O
OBBBB   O
O B O OOO
OR    OOO
O   OOOOO
O   OOOOO
OOOOOOOOO

OOOOOOOOO
OBSS    O
OS BB   O
OBBBB   O
ORB O OOO
O     OOO
O   OOOOO
O   OOOOO
OOOOOOOOO

OOOOOOOOO
OBSS    O
OB BB   O
ORBBB   O
O B O OOO
O     OOO
O   OOOOO
O   OOOOO
OOOOOOOOO

OOOOOOOOO
OBSS    O
OB BB   O
OSBBB   O
ORB O OOO
O     OOO
O   OOOOO
O   OOOOO
OOOOOOOOO

OOOOOOOOO
OBSS    O
OB BB   O
OSBBB   O
O B O OOO
OR    OOO
O   OOOOO
O   OOOOO
OOOOOOOOO

OOOOOOOOO
OBSS    O
OB BB   O
OSBBB   O
O B O OOO
O R   OOO
O   OOOOO
O   OOOOO
OOOOOOOOO

OOOOOOOOO
OBSS    O
OB BB   O
OSBBB   O
O B O OOO
O  R  OOO
O   OOOOO
O   OOOOO
OOOOOOOOO

OOOOOOOOO
OBSS    O
OB BB   O
OSBBB   O
O BRO OOO
O     OOO
O   OOOOO
O   OOOOO
OOOOOOOOO

OOOOOOOOO
OBSS    O
OB BB   O
OSBBB   O
OBR O OOO
O     OOO
O   OOOOO
O   OOOOO
OOOOOOOOO

OOOOOOOOO
OBSS    O
OB BB   O
OSBBB   O
OB  O OOO
O R   OOO
O   OOOOO
O   OOOOO
OOOOOOOOO

OOOOOOOOO
OBSS    O
OB BB   O
OSBBB   O
OB  O OOO
O     OOO
O R OOOOO
O   OOOOO
OOOOOOOOO

OOOOOOOOO
OBSS    O
OB BB   O
OSBBB   O
OB  O OOO
O     OOO
OR  OOOOO
O   OOOOO
OOOOOOOOO

OOOOOOOOO
OBSS    O
OB BB   O
OSBBB   O
OB  O OOO
OR    OOO
O   OOOOO
O   OOOOO
OOOOOOOOO

OOOOOOOOO
OBSS    O
OB BB   O
OBBBB   O
OR  O OOO
O     OOO
O   OOOOO
O   OOOOO
OOOOOOOOO

OOOOOOOOO
OBSS    O
OB BB   O
OBBBB   O
O R O OOO
O     OOO
O   OOOOO
O   OOOOO
OOOOOOOOO

OOOOOOOOO
OBSS    O
OBBBB   O
OBRBB   O
O   O OOO
O     OOO
O   OOOOO
O   OOOOO
OOOOOOOOO

OOOOOOOOO
OBBS    O
OBRBB   O
OBSBB   O
O   O OOO
O     OOO
O   OOOOO
O   OOOOO
OOOOOOOOO

OOOOOOOOO
OBBS    O
OB BB   O
OBRBB   O
O   O OOO
O     OOO
O   OOOOO
O   OOOOO
OOOOOOOOO

OOOOOOOOO
OBBS    O
OB BB   O
OBSBB   O
O R O OOO
O     OOO
O   OOOOO
O   OOOOO
OOOOOOOOO

OOOOOOOOO
OBBS    O
OB BB   O
OBSBB   O
O   O OOO
O R   OOO
O   OOOOO
O   OOOOO
OOOOOOOOO

OOOOOOOOO
OBBS    O
OB BB   O
OBSBB   O
O   O OOO
O  R  OOO
O   OOOOO
O   OOOOO
OOOOOOOOO

OOOOOOOOO
OBBS    O
OB BB   O
OBSBB   O
O   O OOO
O   R OOO
O   OOOOO
O   OOOOO
OOOOOOOOO

OOOOOOOOO
OBBS    O
OB BB   O
OBSBB   O
O   O OOO
O    ROOO
O   OOOOO
O   OOOOO
OOOOOOOOO

OOOOOOOOO
OBBS    O
OB BB   O
OBSBB   O
O   OROOO
O     OOO
O   OOOOO
O   OOOOO
OOOOOOOOO

OOOOOOOOO
OBBS    O
OB BB   O
OBSBBR  O
O   O OOO
O     OOO
O   OOOOO
O   OOOOO
OOOOOOOOO

OOOOOOOOO
OBBS    O
OB BBR  O
OBSBB   O
O   O OOO
O     OOO
O   OOOOO
O   OOOOO
OOOOOOOOO

OOOOOOOOO
OBBS R  O
OB BB   O
OBSBB   O
O   O OOO
O     OOO
O   OOOOO
O   OOOOO
OOOOOOOOO

OOOOOOOOO
OBBSR   O
OB BB   O
OBSBB   O
O   O OOO
O     OOO
O   OOOOO
O   OOOOO
OOOOOOOOO

OOOOOOOOO
OBBR    O
OB BB   O
OBSBB   O
O   O OOO
O     OOO
O   OOOOO
O   OOOOO
OOOOOOOOO

OOOOOOOOO
OBSBR   O
OB BB   O
OBSBB   O
O   O OOO
O     OOO
O   OOOOO
O   OOOOO
OOOOOOOOO

OOOOOOOOO
OBSB R  O
OB BB   O
OBSBB   O
O   O OOO
O     OOO
O   OOOOO
O   OOOOO
OOOOOOOOO

OOOOOOOOO
OBSB    O
OB BBR  O
OBSBB   O
O   O OOO
O     OOO
O   OOOOO
O   OOOOO
OOOOOOOOO

OOOOOOOOO
OBSB    O
OB B BR O
OBSBB   O
O   O OOO
O     OOO
O   OOOOO
O   OOOOO
OOOOOOOOO

OOOOOOOOO
OBSB  R O
OB B B  O
OBSBB   O
O   O OOO
O     OOO
O   OOOOO
O   OOOOO
OOOOOOOOO

OOOOOOOOO
OBSB R  O
OB B B  O
OBSBB   O
O   O OOO
O     OOO
O   OOOOO
O   OOOOO
OOOOOOOOO

OOOOOOOOO
OBSB    O
OB B R  O
OBSBBB  O
O   O OOO
O     OOO
O   OOOOO
O   OOOOO
OOOOOOOOO

OOOOOOOOO
OBSB    O
OB B  R O
OBSBBB  O
O   O OOO
O     OOO
O   OOOOO
O   OOOOO
OOOOOOOOO

OOOOOOOOO
OBSB  R O
OB B    O
OBSBBB  O
O   O OOO
O     OOO
O   OOOOO
O   OOOOO
OOOOOOOOO

OOOOOOOOO
OBSB R  O
OB B    O
OBSBBB  O
O   O OOO
O     OOO
O   OOOOO
O   OOOOO
OOOOOOOOO

OOOOOOOOO
OBSBR   O
OB B    O
OBSBBB  O
O   O OOO
O     OOO
O   OOOOO
O   OOOOO
OOOOOOOOO

OOOOOOOOO
OBBR    O
OB B    O
OBSBBB  O
O   O OOO
O     OOO
O   OOOOO
O   OOOOO
OOOOOOOOO

OOOOOOOOO
OBBSR   O
OB B    O
OBSBBB  O
O   O OOO
O     OOO
O   OOOOO
O   OOOOO
OOOOOOOOO

OOOOOOOOO
OBBS    O
OB BR   O
OBSBBB  O
O   O OOO
O     OOO
O   OOOOO
O   OOOOO
OOOOOOOOO

OOOOOOOOO
OBBSR   O
OB BB   O
OBSB B  O
O   O OOO
O     OOO
O   OOOOO
O   OOOOO
OOOOOOOOO

OOOOOOOOO
OBBS R  O
OB BB   O
OBSB B  O
O   O OOO
O     OOO
O   OOOOO
O   OOOOO
OOOOOOOOO

OOOOOOOOO
OBBS    O
OB BBR  O
OBSB B  O
O   O OOO
O     OOO
O   OOOOO
O   OOOOO
OOOOOOOOO

OOOOOOOOO
OBBS    O
OB BB R O
OBSB B  O
O   O OOO
O     OOO
O   OOOOO
O   OOOOO
OOOOOOOOO

OOOOOOOOO
OBBS    O
OB BB   O
OBSB BR O
O   O OOO
O     OOO
O   OOOOO
O   OOOOO
OOOOOOOOO

OOOOOOOOO
OBBS    O
OB BB   O
OBSBBR  O
O   O OOO
O     OOO
O   OOOOO
O   OOOOO
OOOOOOOOO

OOOOOOOOO
OBBS    O
OB BB   O
OBSBB   O
O   OROOO
O     OOO
O   OOOOO
O   OOOOO
OOOOOOOOO

OOOOOOOOO
OBBS    O
OB BB   O
OBSBB   O
O   O OOO
O    ROOO
O   OOOOO
O   OOOOO
OOOOOOOOO

OOOOOOOOO
OBBS    O
OB BB   O
OBSBB   O
O   O OOO
O   R OOO
O   OOOOO
O   OOOOO
OOOOOOOOO

OOOOOOOOO
OBBS    O
OB BB   O
OBSBB   O
O   O OOO
O  R  OOO
O   OOOOO
O   OOOOO
OOOOOOOOO

OOOOOOOOO
OBBS    O
OB BB   O
OBSBB   O
O  RO OOO
O     OOO
O   OOOOO
O   OOOOO
OOOOOOOOO

OOOOOOOOO
OBBS    O
OB BB   O
OBSBB   O
O R O OOO
O     OOO
O   OOOOO
O   OOOOO
OOOOOOOOO

OOOOOOOOO
OBBS    O
OB BB   O
OBRBB   O
O   O OOO
O     OOO
O   OOOOO
O   OOOOO
OOOOOOOOO

OOOOOOOOO
OBBS    O
OBRBB   O
OBSBB   O
O   O OOO
O     OOO
O   OOOOO
O   OOOOO
OOOOOOOOO

OOOOOOOOO
OBSS    O
OBBBB   O
OBRBB   O
O   O OOO
O     OOO
O   OOOOO
O   OOOOO
OOOOOOOOO

OOOOOOOOO
OBSS    O
OB BB   O
OBBBB   O
O R O OOO
O     OOO
O   OOOOO
O   OOOOO
OOOOOOOOO

OOOOOOOOO
OBSS    O
OB BB   O
OBBBB   O
O   O OOO
O R   OOO
O   OOOOO
O   OOOOO
OOOOOOOOO

OOOOOOOOO
OBSS    O
OB BB   O
OBBBB   O
O   O OOO
O  R  OOO
O   OOOOO
O   OOOOO
OOOOOOOOO

OOOOOOOOO
OBSS    O
OB BB   O
OBBBB   O
O   O OOO
O   R OOO
O   OOOOO
O   OOOOO
OOOOOOOOO

OOOOOOOOO
OBSS    O
OB BB   O
OBBBB   O
O   O OOO
O    ROOO
O   OOOOO
O   OOOOO
OOOOOOOOO

OOOOOOOOO
OBSS    O
OB BB   O
OBBBB   O
O   OROOO
O     OOO
O   OOOOO
O   OOOOO
OOOOOOOOO

OOOOOOOOO
OBSS    O
OB BB   O
OBBBBR  O
O   O OOO
O     OOO
O   OOOOO
O   OOOOO
OOOOOOOOO

OOOOOOOOO
OBSS    O
OB BBR  O
OBBBB   O
O   O OOO
O     OOO
O   OOOOO
O   OOOOO
OOOOOOOOO

OOOOOOOOO
OBSS R  O
OB BB   O
OBBBB   O
O   O OOO
O     OOO
O   OOOOO
O   OOOOO
OOOOOOOOO

OOOOOOOOO
OBSSR   O
OB BB   O
OBBBB   O
O   O OOO
O     OOO
O   OOOOO
O   OOOOO
OOOOOOOOO

OOOOOOOOO
OBSR    O
OB BB   O
OBBBB   O
O   O OOO
O     OOO
O   OOOOO
O   OOOOO
OOOOOOOOO

OOOOOOOOO
OBRS    O
OB BB   O
OBBBB   O
O   O OOO
O     OOO
O   OOOOO
O   OOOOO
OOOOOOOOO

OOOOOOOOO
OSBR    O
OB BB   O
OBBBB   O
O   O OOO
O     OOO
O   OOOOO
O   OOOOO
OOOOOOOOO

OOOOOOOOO
OSSBR   O
OB BB   O
OBBBB   O
O   O OOO
O     OOO
O   OOOOO
O   OOOOO
OOOOOOOOO

OOOOOOOOO
OSSB R  O
OB BB   O
OBBBB   O
O   O OOO
O     OOO
O   OOOOO
O   OOOOO
OOOOOOOOO

OOOOOOOOO
OSSB    O
OB BBR  O
OBBBB   O
O   O OOO
O     OOO
O   OOOOO
O   OOOOO
OOOOOOOOO

OOOOOOOOO
OSSB    O
OB BB   O
OBBBBR  O
O   O OOO
O     OOO
O   OOOOO
O   OOOOO
OOOOOOOOO

OOOOOOOOO
OSSB    O
OB BB   O
OBBBB   O
O   OROOO
O     OOO
O   OOOOO
O   OOOOO
OOOOOOOOO

OOOOOOOOO
OSSB    O
OB BB   O
OBBBB   O
O   O OOO
O    ROOO
O   OOOOO
O   OOOOO
OOOOOOOOO

OOOOOOOOO
OSSB    O
OB BB   O
OBBBB   O
O   O OOO
O   R OOO
O   OOOOO
O   OOOOO
OOOOOOOOO

OOOOOOOOO
OSSB    O
OB BB   O
OBBBB   O
O   O OOO
O  R  OOO
O   OOOOO
O   OOOOO
OOOOOOOOO

OOOOOOOOO
OSSB    O
OB BB   O
OBBBB   O
O  RO OOO
O     OOO
O   OOOOO
O   OOOOO
OOOOOOOOO

OOOOOOOOO
OSSB    O
OB BB   O
OBBBB   O
O R O OOO
O     OOO
O   OOOOO
O   OOOOO
OOOOOOOOO

OOOOOOOOO
OSSB    O
OBBBB   O
OBRBB   O
O   O OOO
O     OOO
O   OOOOO
O   OOOOO
OOOOOOOOO

OOOOOOOOO
OSBB    O
OBRBB   O
OBSBB   O
O   O OOO
O     OOO
O   OOOOO
O   OOOOO
OOOOOOOOO

OOOOOOOOO
OSBB    O
OB BB   O
OBRBB   O
O   O OOO
O     OOO
O   OOOOO
O   OOOOO
OOOOOOOOO

OOOOOOOOO
OSBB    O
OB BB   O
OBSBB   O
O R O OOO
O     OOO
O   OOOOO
O   OOOOO
OOOOOOOOO

OOOOOOOOO
OSBB    O
OB BB   O
OBSBB   O
O   O OOO
O R   OOO
O   OOOOO
O   OOOOO
OOOOOOOOO

OOOOOOOOO
OSBB    O
OB BB   O
OBSBB   O
O   O OOO
O  R  OOO
O   OOOOO
O   OOOOO
OOOOOOOOO

OOOOOOOOO
OSBB    O
OB BB   O
OBSBB   O
O   O OOO
O   R OOO
O   OOOOO
O   OOOOO
OOOOOOOOO

OOOOOOOOO
OSBB    O
OB BB   O
OBSBB   O
O   O OOO
O    ROOO
O   OOOOO
O   OOOOO
OOOOOOOOO

OOOOOOOOO
OSBB    O
OB BB   O
OBSBB   O
O   OROOO
O     OOO
O   OOOOO
O   OOOOO
OOOOOOOOO

OOOOOOOOO
OSBB    O
OB BB   O
OBSBBR  O
O   O OOO
O     OOO
O   OOOOO
O   OOOOO
OOOOOOOOO

OOOOOOOOO
OSBB    O
OB BBR  O
OBSBB   O
O   O OOO
O     OOO
O   OOOOO
O   OOOOO
OOOOOOOOO

OOOOOOOOO
OSBB    O
OB B BR O
OBSBB   O
O   O OOO
O     OOO
O   OOOOO
O   OOOOO
OOOOOOOOO

OOOOOOOOO
OSBB    O
OB B B  O
OBSBB R O
O   O OOO
O     OOO
O   OOOOO
O   OOOOO
OOOOOOOOO

OOOOOOOOO
OSBB    O
OB B B  O
OBSBBR  O
O   O OOO
O     OOO
O   OOOOO
O   OOOOO
OOOOOOOOO

OOOOOOOOO
OSBB B  O
OB B R  O
OBSBB   O
O   O OOO
O     OOO
O   OOOOO
O   OOOOO
OOOOOOOOO

OOOOOOOOO
OSBB B  O
OB B  R O
OBSBB   O
O   O OOO
O     OOO
O   OOOOO
O   OOOOO
OOOOOOOOO

OOOOOOOOO
OSBB BR O
OB B    O
OBSBB   O
O   O OOO
O     OOO
O   OOOOO
O   OOOOO
OOOOOOOOO

OOOOOOOOO
OSBBBR  O
OB B    O
OBSBB   O
O   O OOO
O     OOO
O   OOOOO
O   OOOOO
OOOOOOOOO

OOOOOOOOO
OSBBB   O
OB B R  O
OBSBB   O
O   O OOO
O     OOO
O   OOOOO
O   OOOOO
OOOOOOOOO

OOOOOOOOO
OSBBB   O
OB B    O
OBSBBR  O
O   O OOO
O     OOO
O   OOOOO
O   OOOOO
OOOOOOOOO

OOOOOOOOO
OSBBB   O
OB B    O
OBSBB   O
O   OROOO
O     OOO
O   OOOOO
O   OOOOO
OOOOOOOOO

OOOOOOOOO
OSBBB   O
OB B    O
OBSBB   O
O   O OOO
O    ROOO
O   OOOOO
O   OOOOO
OOOOOOOOO

OOOOOOOOO
OSBBB   O
OB B    O
OBSBB   O
O   O OOO
O   R OOO
O   OOOOO
O   OOOOO
OOOOOOOOO

OOOOOOOOO
OSBBB   O
OB B    O
OBSBB   O
O   O OOO
O  R  OOO
O   OOOOO
O   OOOOO
OOOOOOOOO

OOOOOOOOO
OSBBB   O
OB B    O
OBSBB   O
O  RO OOO
O     OOO
O   OOOOO
O   OOOOO
OOOOOOOOO

OOOOOOOOO
OSBBB   O
OB B    O
OBSBB   O
O R O OOO
O     OOO
O   OOOOO
O   OOOOO
OOOOOOOOO

OOOOOOOOO
OSBBB   O
OB B    O
OBRBB   O
O   O OOO
O     OOO
O   OOOOO
O   OOOOO
OOOOOOOOO

OOOOOOOOO
OSBBB   O
OBRB    O
OBSBB   O
O   O OOO
O     OOO
O   OOOOO
O   OOOOO
OOOOOOOOO

OOOOOOOOO
OSSBB   O
OBBB    O
OBRBB   O
O   O OOO
O     OOO
O   OOOOO
O   OOOOO
OOOOOOOOO

OOOOOOOOO
OSSBB   O
OB B    O
OBBBB   O
O R O OOO
O     OOO
O   OOOOO
O   OOOOO
OOOOOOOOO

OOOOOOOOO
OSSBB   O
OB B    O
OBBBB   O
O   O OOO
O R   OOO
O   OOOOO
O   OOOOO
OOOOOOOOO

OOOOOOOOO
OSSBB   O
OB B    O
OBBBB   O
O   O OOO
O  R  OOO
O   OOOOO
O   OOOOO
OOOOOOOOO

OOOOOOOOO
OSSBB   O
OB B    O
OBBBB   O
O   O OOO
O   R OOO
O   OOOOO
O   OOOOO
OOOOOOOOO

OOOOOOOOO
OSSBB   O
OB B    O
OBBBB   O
O   O OOO
O    ROOO
O   OOOOO
O   OOOOO
OOOOOOOOO

OOOOOOOOO
OSSBB   O
OB B    O
OBBBB   O
O   OROOO
O     OOO
O   OOOOO
O   OOOOO
OOOOOOOOO

OOOOOOOOO
OSSBB   O
OB B    O
OBBBBR  O
O   O OOO
O     OOO
O   OOOOO
O   OOOOO
OOOOOOOOO

OOOOOOOOO
OSSBB   O
OB B R  O
OBBBB   O
O   O OOO
O     OOO
O   OOOOO
O   OOOOO
OOOOOOOOO

OOOOOOOOO
OSSBB   O
OB BR   O
OBBBB   O
O   O OOO
O     OOO
O   OOOOO
O   OOOOO
OOOOOOOOO

OOOOOOOOO
OSSBB   O
OB SBR  O
OBBBB   O
O   O OOO
O     OOO
O   OOOOO
O   OOOOO
OOOOOOOOO

OOOOOOOOO
OSSBB   O
OB SB   O
OBBBBR  O
O   O OOO
O     OOO
O   OOOOO
O   OOOOO
OOOOOOOOO

OOOOOOOOO
OSSBB   O
OB SB   O
OBBBB   O
O   OROOO
O     OOO
O   OOOOO
O   OOOOO
OOOOOOOOO

OOOOOOOOO
OSSBB   O
OB SB   O
OBBBB   O
O   O OOO
O    ROOO
O   OOOOO
O   OOOOO
OOOOOOOOO

OOOOOOOOO
OSSBB   O
OB SB   O
OBBBB   O
O   O OOO
O   R OOO
O   OOOOO
O   OOOOO
OOOOOOOOO

OOOOOOOOO
OSSBB   O
OB SB   O
OBBBB   O
O   O OOO
O  R  OOO
O   OOOOO
O   OOOOO
OOOOOOOOO

OOOOOOOOO
OSSBB   O
OB SB   O
OBBBB   O
O  RO OOO
O     OOO
O   OOOOO
O   OOOOO
OOOOOOOOO

OOOOOOOOO
OSSBB   O
OB BB   O
OBBRB   O
O   O OOO
O     OOO
O   OOOOO
O   OOOOO
OOOOOOOOO

OOOOOOOOO
OSSBB   O
OB BB   O
OBBSB   O
O  RO OOO
O     OOO
O   OOOOO
O   OOOOO
OOOOOOOOO

OOOOOOOOO
OSSBB   O
OB BB   O
OBBSB   O
O   O OOO
O  R  OOO
O   OOOOO
O   OOOOO
OOOOOOOOO

OOOOOOOOO
OSSBB   O
OB BB   O
OBBSB   O
O   O OOO
O   R OOO
O   OOOOO
O   OOOOO
OOOOOOOOO

OOOOOOOOO
OSSBB   O
OB BB   O
OBBSB   O
O   O OOO
O    ROOO
O   OOOOO
O   OOOOO
OOOOOOOOO

OOOOOOOOO
OSSBB   O
OB BB   O
OBBSB   O
O   OROOO
O     OOO
O   OOOOO
O   OOOOO
OOOOOOOOO

OOOOOOOOO
OSSBB   O
OB BB   O
OBBSBR  O
O   O OOO
O     OOO
O   OOOOO
O   OOOOO
OOOOOOOOO

OOOOOOOOO
OSSBB   O
OB BB   O
OBBBR   O
O   O OOO
O     OOO
O   OOOOO
O   OOOOO
OOOOOOOOO

OOOOOOOOO
OSSBB   O
OB BB   O
OBBB R  O
O   O OOO
O     OOO
O   OOOOO
O   OOOOO
OOOOOOOOO

OOOOOOOOO
OSSBB   O
OB BB   O
OBBB    O
O   OROOO
O     OOO
O   OOOOO
O   OOOOO
OOOOOOOOO

OOOOOOOOO
OSSBB   O
OB BB   O
OBBB    O
O   O OOO
O    ROOO
O   OOOOO
O   OOOOO
OOOOOOOOO

OOOOOOOOO
OSSBB   O
OB BB   O
OBBB    O
O   O OOO
O   R OOO
O   OOOOO
O   OOOOO
OOOOOOOOO

OOOOOOOOO
OSSBB   O
OB BB   O
OBBB    O
O   O OOO
O  R  OOO
O   OOOOO
O   OOOOO
OOOOOOOOO

OOOOOOOOO
OSSBB   O
OB BB   O
OBBB    O
O  RO OOO
O     OOO
O   OOOOO
O   OOOOO
OOOOOOOOO

OOOOOOOOO
OSSBB   O
OB BB   O
OBBB    O
O R O OOO
O     OOO
O   OOOOO
O   OOOOO
OOOOOOOOO

OOOOOOOOO
OSSBB   O
OBBBB   O
OBRB    O
O   O OOO
O     OOO
O   OOOOO
O   OOOOO
OOOOOOOOO

OOOOOOOOO
OSBBB   O
OBRBB   O
OBSB    O
O   O OOO
O     OOO
O   OOOOO
O   OOOOO
OOOOOOOOO

OOOOOOOOO
OSBBB   O
OB BB   O
OBRB    O
O   O OOO
O     OOO
O   OOOOO
O   OOOOO
OOOOOOOOO

OOOOOOOOO
OSBBB   O
OB BB   O
OBSB    O
O R O OOO
O     OOO
O   OOOOO
O   OOOOO
OOOOOOOOO

OOOOOOOOO
OSBBB   O
OB BB   O
OBSB    O
O   O OOO
O R   OOO
O   OOOOO
O   OOOOO
OOOOOOOOO

OOOOOOOOO
OSBBB   O
OB BB   O
OBSB    O
O   O OOO
O  R  OOO
O   OOOOO
O   OOOOO
OOOOOOOOO

OOOOOOOOO
OSBBB   O
OB BB   O
OBSB    O
O   O OOO
O   R OOO
O   OOOOO
O   OOOOO
OOOOOOOOO

OOOOOOOOO
OSBBB   O
OB BB   O
OBSB    O
O   O OOO
O    ROOO
O   OOOOO
O   OOOOO
OOOOOOOOO

OOOOOOOOO
OSBBB   O
OB BB   O
OBSB    O
O   OROOO
O     OOO
O   OOOOO
O   OOOOO
OOOOOOOOO

OOOOOOOOO
OSBBB   O
OB BB   O
OBSB R  O
O   O OOO
O     OOO
O   OOOOO
O   OOOOO
OOOOOOOOO

OOOOOOOOO
OSBBB   O
OB BB   O
OBSBR   O
O   O OOO
O     OOO
O   OOOOO
O   OOOOO
OOOOOOOOO

OOOOOOOOO
OSBBB   O
OB BB   O
OBBR    O
O   O OOO
O     OOO
O   OOOOO
O   OOOOO
OOOOOOOOO

OOOOOOOOO
OSBBB   O
OB SB   O
OBBB    O
O  RO OOO
O     OOO
O   OOOOO
O   OOOOO
OOOOOOOOO

OOOOOOOOO
OSBBB   O
OB SB   O
OBBB    O
O   O OOO
O  R  OOO
O   OOOOO
O   OOOOO
OOOOOOOOO

OOOOOOOOO
OSBBB   O
OB SB   O
OBBB    O
O   O OOO
O   R OOO
O   OOOOO
O   OOOOO
OOOOOOOOO

OOOOOOOOO
OSBBB   O
OB SB   O
OBBB    O
O   O OOO
O    ROOO
O   OOOOO
O   OOOOO
OOOOOOOOO

OOOOOOOOO
OSBBB   O
OB SB   O
OBBB    O
O   OROOO
O     OOO
O   OOOOO
O   OOOOO
OOOOOOOOO

OOOOOOOOO
OSBBB   O
OB SB   O
OBBB R  O
O   O OOO
O     OOO
O   OOOOO
O   OOOOO
OOOOOOOOO

OOOOOOOOO
OSBBB   O
OB SBR  O
OBBB    O
O   O OOO
O     OOO
O   OOOOO
O   OOOOO
OOOOOOOOO

OOOOOOOOO
OSBBB   O
OB BR   O
OBBB    O
O   O OOO
O     OOO
O   OOOOO
O   OOOOO
OOOOOOOOO

OOOOOOOOO
OSBBB   O
OBBR    O
OBBB    O
O   O OOO
O     OOO
O   OOOOO
O   OOOOO
OOOOOOOOO

OOOOOOOOO
OSBBB   O
OBBSR   O
OBBB    O
O   O OOO
O     OOO
O   OOOOO
O   OOOOO
OOOOOOOOO

OOOOOOOOO
OSBB    O
OBBSB   O
OBBBR   O
O   O OOO
O     OOO
O   OOOOO
O   OOOOO
OOOOOOOOO

OOOOOOOOO
OSBB    O
OBBSB   O
OBBB R  O
O   O OOO
O     OOO
O   OOOOO
O   OOOOO
OOOOOOOOO

OOOOOOOOO
OSBB    O
OBBSBR  O
OBBB    O
O   O OOO
O     OOO
O   OOOOO
O   OOOOO
OOOOOOOOO

OOOOOOOOO
OSBB    O
OBBBR   O
OBBB    O
O   O OOO
O     OOO
O   OOOOO
O   OOOOO
OOOOOOOOO

OOOOOOOOO
OSBB    O
OBBB    O
OBBBR   O
O   O OOO
O     OOO
O   OOOOO
O   OOOOO
OOOOOOOOO

OOOOOOOOO
OSBB    O
OBBB    O
OBBB R  O
O   O OOO
O     OOO
O   OOOOO
O   OOOOO
OOOOOOOOO

OOOOOOOOO
OSBB    O
OBBB    O
OBBB    O
O   OROOO
O     OOO
O   OOOOO
O   OOOOO
OOOOOOOOO

OOOOOOOOO
OSBB    O
OBBB    O
OBBB    O
O   O OOO
O    ROOO
O   OOOOO
O   OOOOO
OOOOOOOOO

OOOOOOOOO
OSBB    O
OBBB    O
OBBB    O
O   O OOO
O   R OOO
O   OOOOO
O   OOOOO
OOOOOOOOO

OOOOOOOOO
OSBB    O
OBBB    O
OBBB    O
O   O OOO
O  R  OOO
O   OOOOO
O   OOOOO
OOOOOOOOO

OOOOOOOOO
OSBB    O
OBBB    O
OBBB    O
O  RO OOO
O     OOO
O   OOOOO
O   OOOOO
OOOOOOOOO

OOOOOOOOO
OSBB    O
OBBB    O
OBBB    O
O R O OOO
O     OOO
O   OOOOO
O   OOOOO
OOOOOOOOO

OOOOOOOOO
OSBB    O
OBBB    O
OBBB    O
OR  O OOO
O     OOO
O   OOOOO
O   OOOOO
OOOOOOOOO

OOOOOOOOO
OSBB    O
OBBB    O
OSBB    O
OB  O OOO
OR    OOO
O   OOOOO
O   OOOOO
OOOOOOOOO

OOOOOOOOO
OSBB    O
OBBB    O
OSBB    O
OB  O OOO
O R   OOO
O   OOOOO
O   OOOOO
OOOOOOOOO

OOOOOOOOO
OSBB    O
OBBB    O
OSBB    O
OBR O OOO
O     OOO
O   OOOOO
O   OOOOO
OOOOOOOOO

OOOOOOOOO
OSBB    O
OBBB    O
OSBB    O
O BRO OOO
O     OOO
O   OOOOO
O   OOOOO
OOOOOOOOO

OOOOOOOOO
OSBB    O
OBBB    O
OSBB    O
O B O OOO
O  R  OOO
O   OOOOO
O   OOOOO
OOOOOOOOO

OOOOOOOOO
OSBB    O
OBBB    O
OSBB    O
O B O OOO
O R   OOO
O   OOOOO
O   OOOOO
OOOOOOOOO

OOOOOOOOO
OSBB    O
OBBB    O
OSBB    O
O B O OOO
OR    OOO
O   OOOOO
O   OOOOO
OOOOOOOOO

OOOOOOOOO
OSBB    O
OBBB    O
OSBB    O
ORB O OOO
O     OOO
O   OOOOO
O   OOOOO
OOOOOOOOO

OOOOOOOOO
OSBB    O
OBBB    O
ORBB    O
O B O OOO
O     OOO
O   OOOOO
O   OOOOO
OOOOOOOOO

OOOOOOOOO
OBBB    O
ORBB    O
OSBB    O
O B O OOO
O     OOO
O   OOOOO
O   OOOOO
OOOOOOOOO

OOOOOOOOO
OBBB    O
OSBB    O
ORBB    O
O B O OOO
O     OOO
O   OOOOO
O   OOOOO
OOOOOOOOO

OOOOOOOOO
OBBB    O
OSBB    O
OSBB    O
ORB O OOO
O     OOO
O   OOOOO
O   OOOOO
OOOOOOOOO

OOOOOOOOO
OBBB    O
OSBB    O
OSBB    O
O B O OOO
OR    OOO
O   OOOOO
O   OOOOO
OOOOOOOOO

OOOOOOOOO
OBBB    O
OSBB    O
OSBB    O
O B O OOO
O R   OOO
O   OOOOO
O   OOOOO
OOOOOOOOO

OOOOOOOOO
OBBB    O
OSBB    O
OSBB    O
O B O OOO
O  R  OOO
O   OOOOO
O   OOOOO
OOOOOOOOO

OOOOOOOOO
OBBB    O
OSBB    O
OSBB    O
O BRO OOO
O     OOO
O   OOOOO
O   OOOOO
OOOOOOOOO

OOOOOOOOO
OBBB    O
OSBB    O
OSBB    O
OBR O OOO
O     OOO
O   OOOOO
O   OOOOO
OOOOOOOOO

OOOOOOOOO
OBBB    O
OSBB    O
OSBB    O
OB  O OOO
O R   OOO
O   OOOOO
O   OOOOO
OOOOOOOOO

OOOOOOOOO
OBBB    O
OSBB    O
OSBB    O
OB  O OOO
OR    OOO
O   OOOOO
O   OOOOO
OOOOOOOOO

OOOOOOOOO
OBBB    O
OSBB    O
OBBB    O
OR  O OOO
O     OOO
O   OOOOO
O   OOOOO
OOOOOOOOO

OOOOOOOOO
OBBB    O
OSBB    O
OBBB    O
O   O OOO
OR    OOO
O   OOOOO
O   OOOOO
OOOOOOOOO

OOOOOOOOO
OBBB    O
OSBB    O
OBBB    O
O   O OOO
O R   OOO
O   OOOOO
O   OOOOO
OOOOOOOOO

OOOOOOOOO
OBBB    O
OSBB    O
OBBB    O
O   O OOO
O  R  OOO
O   OOOOO
O   OOOOO
OOOOOOOOO

OOOOOOOOO
OBBB    O
OSBB    O
OBBB    O
O   O OOO
O   R OOO
O   OOOOO
O   OOOOO
OOOOOOOOO

OOOOOOOOO
OBBB    O
OSBB    O
OBBB    O
O   O OOO
O    ROOO
O   OOOOO
O   OOOOO
OOOOOOOOO

OOOOOOOOO
OBBB    O
OSBB    O
OBBB    O
O   OROOO
O     OOO
O   OOOOO
O   OOOOO
OOOOOOOOO

OOOOOOOOO
OBBB    O
OSBB    O
OBBB R  O
O   O OOO
O     OOO
O   OOOOO
O   OOOOO
OOOOOOOOO

OOOOOOOOO
OBBB    O
OSBB R  O
OBBB    O
O   O OOO
O     OOO
O   OOOOO
O   OOOOO
OOOOOOOOO

OOOOOOOOO
OBBB    O
OSBBR   O
OBBB    O
O   O OOO
O     OOO
O   OOOOO
O   OOOOO
OOOOOOOOO

OOOOOOOOO
OBBB    O
OSBSBR  O
OBBB    O
O   O OOO
O     OOO
O   OOOOO
O   OOOOO
OOOOOOOOO

OOOOOOOOO
OBBB    O
OSBSB R O
OBBB    O
O   O OOO
O     OOO
O   OOOOO
O   OOOOO
OOOOOOOOO

OOOOOOOOO
OBBB  R O
OSBSB   O
OBBB    O
O   O OOO
O     OOO
O   OOOOO
O   OOOOO
OOOOOOOOO

OOOOOOOOO
OBBB R  O
OSBSB   O
OBBB    O
O   O OOO
O     OOO
O   OOOOO
O   OOOOO
OOOOOOOOO

OOOOOOOOO
OBBBR   O
OSBSB   O
OBBB    O
O   O OOO
O     OOO
O   OOOOO
O   OOOOO
OOOOOOOOO

OOOOOOOOO
OBBB    O
OSBSR   O
OBBBB   O
O   O OOO
O     OOO
O   OOOOO
O   OOOOO
OOOOOOOOO

OOOOOOOOO
OBBB    O
OSBR    O
OBBBB   O
O   O OOO
O     OOO
O   OOOOO
O   OOOOO
OOOOOOOOO

OOOOOOOOO
OBBB    O
OBRS    O
OBBBB   O
O   O OOO
O     OOO
O   OOOOO
O   OOOOO
OOOOOOOOO

OOOOOOOOO
OBBB    O
OB R    O
OBBBB   O
O   O OOO
O     OOO
O   OOOOO
O   OOOOO
OOOOOOOOO

OOOOOOOOO
OBBB    O
OB SR   O
OBBBB   O
O   O OOO
O     OOO
O   OOOOO
O   OOOOO
OOOOOOOOO

OOOOOOOOO
OBBBR   O
OB SB   O
OBBB    O
O   O OOO
O     OOO
O   OOOOO
O   OOOOO
OOOOOOOOO

OOOOOOOOO
OBBB R  O
OB SB   O
OBBB    O
O   O OOO
O     OOO
O   OOOOO
O   OOOOO
OOOOOOOOO

OOOOOOOOO
OBBB    O
OB SBR  O
OBBB    O
O   O OOO
O     OOO
O   OOOOO
O   OOOOO
OOOOOOOOO

OOOOOOOOO
OBBB    O
OB BR   O
OBBB    O
O   O OOO
O     OOO
O   OOOOO
O   OOOOO
OOOOOOOOO

