OOOOOOOOO
OO  OOOOO
OOB OOOOO
O B B   O
OROSSSS O
O BS   OO
OOBO OOOO
OO   OOOO
OOOOOOOOO

OOOOOOOOO
OO  OOOOO
OOB OOOOO
O B B   O
O OSSSS O
ORBS   OO
OOBO OOOO
OO   OOOO
OOOOOOOOO

OOOOOOOOO
OO  OOOOO
OOB OOOOO
O B B   O
O OSSSS O
O RB   OO
OOBO OOOO
OO   OOOO
OOOOOOOOO

OOOOOOOOO
OO  OOOOO
OOB OOOOO
O B B   O
O OSSSS O
OR B   OO
OOBO OOOO
OO   OOOO
OOOOOOOOO

OOOOOOOOO
OO  OOOOO
OOB OOOOO
O B B   O
OROSSSS O
O  B   OO
OOBO OOOO
OO   OOOO
OOOOOOOOO

OOOOOOOOO
OO  OOOOO
OOB OOOOO
ORB B   O
O OSSSS O
O  B   OO
OOBO OOOO
OO   OOOO
OOOOOOOOO

OOOOOOOOO
OO  OOOOO
OOB OOOOO
O RBB   O
O OSSSS O
O  B   OO
OOBO OOOO
OO   OOOO
OOOOOOOOO

OOOOOOOOO
OOB OOOOO
OOR OOOOO
O  BB   O
O OSSSS O
O  B   OO
OOBO OOOO
OO   OOOO
OOOOOOOOO

OOOOOOOOO
OOB OOOOO
OO ROOOOO
O  BB   O
O OSSSS O
O  B   OO
OOBO OOOO
OO   OOOO
OOOOOOOOO

OOOOOOOOO
OOB OOOOO
OO  OOOOO
O  RB   O
O OBSSS O
O  B   OO
OOBO OOOO
OO   OOOO
OOOOOOOOO

OOOOOOOOO
OOB OOOOO
OO  OOOOO
O R B   O
O OBSSS O
O  B   OO
OOBO OOOO
OO   OOOO
OOOOOOOOO

OOOOOOOOO
OOB OOOOO
OOR OOOOO
O   B   O
O OBSSS O
O  B   OO
OOBO OOOO
OO   OOOO
OOOOOOOOO

OOOOOOOOO
OO  OOOOO
OOB OOOOO
O R B   O
O OBSSS O
O  B   OO
OOBO OOOO
OO   OOOO
OOOOOOOOO

OOOOOOOOO
OO  OOOOO
OOB OOOOO
O  RB   O
O OBSSS O
O  B   OO
OOBO OOOO
OO   OOOO
OOOOOOOOO

OOOOOOOOO
OO  OOOOO
OOB OOOOO
O   RB  O
O OBSSS O
O  B   OO
OOBO OOOO
OO   OOOO
OOOOOOOOO

OOOOOOOOO
OO  OOOOO
OOB OOOOO
O    B  O
O OBRSS O
O  B   OO
OOBO OOOO
OO   OOOO
OOOOOOOOO

OOOOOOOOO
OO  OOOOO
OOB OOOOO
O    B  O
O OSBRS O
O  B   OO
OOBO OOOO
OO   OOOO
OOOOOOOOO

OOOOOOOOO
OO  OOOOO
OOB OOOOO
O       O
O OSBBS O
O  B R OO
OOBO OOOO
OO   OOOO
OOOOOOOOO

OOOOOOOOO
OO  OOOOO
OOB OOOOO
O       O
O OSBBS O
O  BR  OO
OOBO OOOO
OO   OOOO
OOOOOOOOO

OOOOOOOOO
OO  OOOOO
OOB OOOOO
O       O
O OSBBS O
O  B   OO
OOBOROOOO
OO   OOOO
OOOOOOOOO

OOOOOOOOO
OO  OOOOO
OOB OOOOO
O       O
O OSBBS O
O  B   OO
OOBO OOOO
OO  ROOOO
OOOOOOOOO

OOOOOOOOO
OO  OOOOO
OOB OOOOO
O       O
O OSBBS O
O  B   OO
OOBO OOOO
OO R OOOO
OOOOOOOOO

OOOOOOOOO
OO  OOOOO
OOB OOOOO
O       O
O OSBBS O
O  B   OO
OOBO OOOO
OOR  OOOO
OOOOOOOOO

OOOOOOOOO
OO  OOOOO
OOB OOOOO
O       O
O OSBBS O
O BB   OO
OORO OOOO
OO   OOOO
OOOOOOOOO

OOOOOOOOO
OO  OOOOO
OOB OOOOO
O       O
O OSBBS O
O BB   OO
OO O OOOO
OOR  OOOO
OOOOOOOOO

OOOOOOOOO
OO  OOOOO
OOB OOOOO
O       O
O OSBBS O
O BB   OO
OO O OOOO
OO R OOOO
OOOOOOOOO

OOOOOOOOO
OO  OOOOO
OOB OOOOO
O       O
O OSBBS O
O BB   OO
OO O OOOO
OO  ROOOO
OOOOOOOOO

OOOOOOOOO
OO  OOOOO
OOB OOOOO
O       O
O OSBBS O
O BB   OO
OO OROOOO
OO   OOOO
OOOOOOOOO

OOOOOOOOO
OO  OOOOO
OOB OOOOO
O       O
O OSBBS O
O BBR  OO
OO O OOOO
OO   OOOO
OOOOOOOOO

OOOOOOOOO
OO  OOOOO
OOB OOOOO
O       O
O OSBBS O
O BB R OO
OO O OOOO
OO   OOOO
OOOOOOOOO

OOOOOOOOO
OO  OOOOO
OOB OOOOO
O       O
O OSBBS O
O BB  ROO
OO O OOOO
OO   OOOO
OOOOOOOOO

OOOOOOOOO
OO  OOOOO
OOB OOOOO
O       O
O OSBBR O
O BB   OO
OO O OOOO
OO   OOOO
OOOOOOOOO

OOOOOOOOO
OO  OOOOO
OOB OOOOO
O     R O
O OSBBS O
O BB   OO
OO O OOOO
OO   OOOO
OOOOOOOOO

OOOOOOOOO
OO  OOOOO
OOB OOOOO
O    R  O
O OSBBS O
O BB   OO
OO O OOOO
OO   OOOO
OOOOOOOOO

OOOOOOOOO
OO  OOOOO
OOB OOOOO
O   R   O
O OSBBS O
O BB   OO
OO O OOOO
OO   OOOO
OOOOOOOOO

OOOOOOOOO
OO  OOOOO
OOB OOOOO
O  R    O
O OSBBS O
O BB   OO
OO O OOOO
OO   OOOO
OOOOOOOOO

OOOOOOOOO
OO  OOOOO
OOBROOOOO
O       O
O OSBBS O
O BB   OO
OO O OOOO
OO   OOOO
OOOOOOOOO

OOOOOOOOO
OO ROOOOO
OOB OOOOO
O       O
O OSBBS O
O BB   OO
OO O OOOO
OO   OOOO
OOOOOOOOO

OOOOOOOOO
OOR OOOOO
OOB OOOOO
O       O
O OSBBS O
O BB   OO
OO O OOOO
OO   OOOO
OOOOOOOOO

OOOOOOOOO
OO  OOOOO
OOR OOOOO
O B     O
O OSBBS O
O BB   OO
OO O OOOO
OO   OOOO
OOOOOOOOO

OOOOOOOOO
OO  OOOOO
OO ROOOOO
O B     O
O OSBBS O
O BB   OO
OO O OOOO
OO   OOOO
OOOOOOOOO

OOOOOOOOO
OO  OOOOO
OO  OOOOO
O BR    O
O OSBBS O
O BB   OO
OO O OOOO
OO   OOOO
OOOOOOOOO

OOOOOOOOO
OO  OOOOO
OO  OOOOO
O  BR   O
O OSBBS O
O BB   OO
OO O OOOO
OO   OOOO
OOOOOOOOO

OOOOOOOOO
OO  OOOOO
OO  OOOOO
O   BR  O
O OSBBS O
O BB   OO
OO O OOOO
OO   OOOO
OOOOOOOOO

OOOOOOOOO
OO  OOOOO
OO  OOOOO
O   B R O
O OSBBS O
O BB   OO
OO O OOOO
OO   OOOO
OOOOOOOOO

OOOOOOOOO
OO  OOOOO
OO  OOOOO
O   B  RO
O OSBBS O
O BB   OO
OO O OOOO
OO   OOOO
OOOOOOOOO

OOOOOOOOO
OO  OOOOO
OO  OOOOO
O   B   O
O OSBBSRO
O BB   OO
OO O OOOO
OO   OOOO
OOOOOOOOO

OOOOOOOOO
OO  OOOOO
OO  OOOOO
O   B   O
O OSBBR O
O BB   OO
OO O OOOO
OO   OOOO
OOOOOOOOO

OOOOOOOOO
OO  OOOOO
OO  OOOOO
O   B   O
O OSBSBRO
O BB   OO
OO O OOOO
OO   OOOO
OOOOOOOOO

OOOOOOOOO
OO  OOOOO
OO  OOOOO
O   B  RO
O OSBSB O
O BB   OO
OO O OOOO
OO   OOOO
OOOOOOOOO

OOOOOOOOO
OO  OOOOO
OO  OOOOO
O   B R O
O OSBSB O
O BB   OO
OO O OOOO
OO   OOOO
OOOOOOOOO

OOOOOOOOO
OO  OOOOO
OO  OOOOO
O   BR  O
O OSBSB O
O BB   OO
OO O OOOO
OO   OOOO
OOOOOOOOO

OOOOOOOOO
OO  OOOOO
OO  OOOOO
O   B   O
O OSBRB O
O BB   OO
OO O OOOO
OO   OOOO
OOOOOOOOO

OOOOOOOOO
OO  OOOOO
OO  OOOOO
O   B   O
O OBRSB O
O BB   OO
OO O OOOO
OO   OOOO
OOOOOOOOO

OOOOOOOOO
OO  OOOOO
OO  OOOOO
O       O
O OBBSB O
O BBR  OO
OO O OOOO
OO   OOOO
OOOOOOOOO

OOOOOOOOO
OO  OOOOO
OO  OOOOO
O       O
O OBBSB O
O BB R OO
OO O OOOO
OO   OOOO
OOOOOOOOO

OOOOOOOOO
OO  OOOOO
OO  OOOOO
O       O
O OBBRB O
O BB   OO
OO O OOOO
OO   OOOO
OOOOOOOOO

OOOOOOOOO
OO  OOOOO
OO  OOOOO
O    R  O
O OBBSB O
O BB   OO
OO O OOOO
OO   OOOO
OOOOOOOOO

OOOOOOOOO
OO  OOOOO
OO  OOOOO
O     R O
O OBBSB O
O BB   OO
OO O OOOO
OO   OOOO
OOOOOOOOO

OOOOOOOOO
OO  OOOOO
OO  OOOOO
O      RO
O OBBSB O
O BB   OO
OO O OOOO
OO   OOOO
OOOOOOOOO

OOOOOOOOO
OO  OOOOO
OO  OOOOO
O       O
O OBBSBRO
O BB   OO
OO O OOOO
OO   OOOO
OOOOOOOOO

OOOOOOOOO
OO  OOOOO
OO  OOOOO
O       O
O OBBBR O
O BB   OO
OO O OOOO
OO   OOOO
OOOOOOOOO

OOOOOOOOO
OO  OOOOO
OO  OOOOO
O     R O
O OBBBS O
O BB   OO
OO O OOOO
OO   OOOO
OOOOOOOOO

OOOOOOOOO
OO  OOOOO
OO  OOOOO
O    R  O
O OBBBS O
O BB   OO
OO O OOOO
OO   OOOO
OOOOOOOOO

OOOOOOOOO
OO  OOOOO
OO  OOOOO
O       O
O OBBRS O
O BB B OO
OO O OOOO
OO   OOOO
OOOOOOOOO

OOOOOOOOO
OO  OOOOO
OO  OOOOO
O    R  O
O OBBSS O
O BB B OO
OO O OOOO
OO   OOOO
OOOOOOOOO

OOOOOOOOO
OO  OOOOO
OO  OOOOO
O     R O
O OBBSS O
O BB B OO
OO O OOOO
OO   OOOO
OOOOOOOOO

OOOOOOOOO
OO  OOOOO
OO  OOOOO
O       O
O OBBSR O
O BB B OO
OO O OOOO
OO   OOOO
OOOOOOOOO

OOOOOOOOO
OO  OOOOO
OO  OOOOO
O       O
O OBBSS O
O BB BROO
OO O OOOO
OO   OOOO
OOOOOOOOO

OOOOOOOOO
OO  OOOOO
OO  OOOOO
O       O
O OBBSS O
O BBBR OO
OO O OOOO
OO   OOOO
OOOOOOOOO

OOOOOOOOO
OO  OOOOO
OO  OOOOO
O       O
O OBBRS O
O BBB  OO
OO O OOOO
OO   OOOO
OOOOOOOOO

OOOOOOOOO
OO  OOOOO
OO  OOOOO
O       O
O OBSBR O
O BBB  OO
OO O OOOO
OO   OOOO
OOOOOOOOO

OOOOOOOOO
OO  OOOOO
OO  OOOOO
O     R O
O OBSBS O
O BBB  OO
OO O OOOO
OO   OOOO
OOOOOOOOO

OOOOOOOOO
OO  OOOOO
OO  OOOOO
O    R  O
O OBSBS O
O BBB  OO
OO O OOOO
OO   OOOO
OOOOOOOOO

OOOOOOOOO
OO  OOOOO
OO  OOOOO
O   R   O
O OBSBS O
O BBB  OO
OO O OOOO
OO   OOOO
OOOOOOOOO

OOOOOOOOO
OO  OOOOO
OO  OOOOO
O       O
O OBRBS O
O BBB  OO
OO O OOOO
OO   OOOO
OOOOOOOOO

OOOOOOOOO
OO  OOOOO
OO  OOOOO
O   R   O
O OBBBS O
O BB   OO
OO O OOOO
OO   OOOO
OOOOOOOOO

OOOOOOOOO
OO  OOOOO
OO  OOOOO
O    R  O
O OBBBS O
O BB   OO
OO O OOOO
OO   OOOO
OOOOOOOOO

OOOOOOOOO
OO  OOOOO
OO  OOOOO
O     R O
O OBBBS O
O BB   OO
OO O OOOO
OO   OOOO
OOOOOOOOO

OOOOOOOOO
OO  OOOOO
OO  OOOOO
O       O
O OBBBR O
O BB   OO
OO O OOOO
OO   OOOO
OOOOOOOOO

OOOOOOOOO
OO  OOOOO
OO  OOOOO
O       O
O OBBSBRO
O BB   OO
OO O OOOO
OO   OOOO
OOOOOOOOO

OOOOOOOOO
OO  OOOOO
OO  OOOOO
O      RO
O OBBSB O
O BB   OO
OO O OOOO
OO   OOOO
OOOOOOOOO

OOOOOOOOO
OO  OOOOO
OO  OOOOO
O     R O
O OBBSB O
O BB   OO
OO O OOOO
OO   OOOO
OOOOOOOOO

OOOOOOOOO
OO  OOOOO
OO  OOOOO
O    R  O
O OBBSB O
O BB   OO
OO O OOOO
OO   OOOO
OOOOOOOOO

OOOOOOOOO
OO  OOOOO
OO  OOOOO
O       O
O OBBRB O
O BB   OO
OO O OOOO
OO   OOOO
OOOOOOOOO

OOOOOOOOO
OO  OOOOO
OO  OOOOO
O       O
O OBBSB O
O BB R OO
OO O OOOO
OO   OOOO
OOOOOOOOO

OOOOOOOOO
OO  OOOOO
OO  OOOOO
O       O
O OBBSB O
O BBR  OO
OO O OOOO
OO   OOOO
OOOOOOOOO

OOOOOOOOO
OO  OOOOO
OO  OOOOO
O       O
O OBBSB O
O BSBR OO
OO O OOOO
OO   OOOO
OOOOOOOOO

OOOOOOOOO
OO  OOOOO
OO  OOOOO
O       O
O OBBRB O
O BSB  OO
OO O OOOO
OO   OOOO
OOOOOOOOO

OOOOOOOOO
OO  OOOOO
OO  OOOOO
O    R  O
O OBBSB O
O BSB  OO
OO O OOOO
OO   OOOO
OOOOOOOOO

OOOOOOOOO
OO  OOOOO
OO  OOOOO
O     R O
O OBBSB O
O BSB  OO
OO O OOOO
OO   OOOO
OOOOOOOOO

OOOOOOOOO
OO  OOOOO
OO  OOOOO
O      RO
O OBBSB O
O BSB  OO
OO O OOOO
OO   OOOO
OOOOOOOOO

OOOOOOOOO
OO  OOOOO
OO  OOOOO
O       O
O OBBSBRO
O BSB  OO
OO O OOOO
OO   OOOO
OOOOOOOOO

OOOOOOOOO
OO  OOOOO
OO  OOOOO
O       O
O OBBBR O
O BSB  OO
OO O OOOO
OO   OOOO
OOOOOOOOO

OOOOOOOOO
OO  OOOOO
OO  OOOOO
O       O
O OBBBS O
O BSB ROO
OO O OOOO
OO   OOOO
OOOOOOOOO

OOOOOOOOO
OO  OOOOO
OO  OOOOO
O       O
O OBBBS O
O BSBR OO
OO O OOOO
OO   OOOO
OOOOOOOOO

OOOOOOOOO
OO  OOOOO
OO  OOOOO
O       O
O OBBBS O
O BS BROO
OO O OOOO
OO   OOOO
OOOOOOOOO

OOOOOOOOO
OO  OOOOO
OO  OOOOO
O       O
O OBBBR O
O BS B OO
OO O OOOO
OO   OOOO
OOOOOOOOO

OOOOOOOOO
OO  OOOOO
OO  OOOOO
O       O
O OBBSBRO
O BS B OO
OO O OOOO
OO   OOOO
OOOOOOOOO

OOOOOOOOO
OO  OOOOO
OO  OOOOO
O      RO
O OBBSB O
O BS B OO
OO O OOOO
OO   OOOO
OOOOOOOOO

OOOOOOOOO
OO  OOOOO
OO  OOOOO
O     R O
O OBBSB O
O BS B OO
OO O OOOO
OO   OOOO
OOOOOOOOO

OOOOOOOOO
OO  OOOOO
OO  OOOOO
O    R  O
O OBBSB O
O BS B OO
OO O OOOO
OO   OOOO
OOOOOOOOO

OOOOOOOOO
OO  OOOOO
OO  OOOOO
O       O
O OBBRB O
O BS B OO
OO O OOOO
OO   OOOO
OOOOOOOOO

OOOOOOOOO
OO  OOOOO
OO  OOOOO
O    R  O
O OBBBB O
O BS   OO
OO O OOOO
OO   OOOO
OOOOOOOOO

OOOOOOOOO
OO  OOOOO
OO  OOOOO
O   R   O
O OBBBB O
O BS   OO
OO O OOOO
OO   OOOO
OOOOOOOOO

OOOOOOOOO
OO  OOOOO
OO  OOOOO
O  R    O
O OBBBB O
O BS   OO
OO O OOOO
OO   OOOO
OOOOOOOOO

OOOOOOOOO
OO  OOOOO
OO  OOOOO
O R     O
O OBBBB O
O BS   OO
OO O OOOO
OO   OOOO
OOOOOOOOO

OOOOOOOOO
OO  OOOOO
OO  OOOOO
OR      O
O OBBBB O
O BS   OO
OO O OOOO
OO   OOOO
OOOOOOOOO

OOOOOOOOO
OO  OOOOO
OO  OOOOO
O       O
OROBBBB O
O BS   OO
OO O OOOO
OO   OOOO
OOOOOOOOO

OOOOOOOOO
OO  OOOOO
OO  OOOOO
O       O
O OBBBB O
ORBS   OO
OO O OOOO
OO   OOOO
OOOOOOOOO

OOOOOOOOO
OO  OOOOO
OO  OOOOO
O       O
O OBBBB O
O RB   OO
OO O OOOO
OO   OOOO
OOOOOOOOO

