OOOOOOO
OS   SO
O BBB O
O BRB O
OSBBBSO
OSS SSO
OOOOOOO

OOOOOOO
OS   SO
O BBB O
O B RBO
OSBBBSO
OSS SSO
OOOOOOO

OOOOOOO
OS   SO
O BBB O
O B  BO
OSBBRSO
OSS BSO
OOOOOOO

OOOOOOO
OS   SO
O BBB O
O B  BO
OSB BRO
OSS BSO
OOOOOOO

OOOOOOO
OS   SO
O BBBBO
O B  RO
OSB BSO
OSS BSO
OOOOOOO

OOOOOOO
OS   BO
O BBBRO
O B   O
OSB BSO
OSS BSO
OOOOOOO

OOOOOOO
OS   BO
O BBB O
O B  RO
OSB BSO
OSS BSO
OOOOOOO

OOOOOOO
OS   BO
O BBB O
O B R O
OSB BSO
OSS BSO
OOOOOOO

OOOOOOO
OS  BBO
O BBR O
O B   O
OSB BSO
OSS BSO
OOOOOOO

OOOOOOO
OS  BBO
O B BRO
O B   O
OSB BSO
OSS BSO
OOOOOOO

OOOOOOO
OS  BBO
O B B O
O B  RO
OSB BSO
OSS BSO
OOOOOOO

OOOOOOO
OS  BBO
O B B O
O B R O
OSB BSO
OSS BSO
OOOOOOO

OOOOOOO
OS  BBO
O B B O
O BR  O
OSB BSO
OSS BSO
OOOOOOO

OOOOOOO
OS  BBO
O B B O
OBR   O
OSB BSO
OSS BSO
OOOOOOO

OOOOOOO
OS  BBO
O B B O
OB    O
OSR BSO
OSB BSO
OOOOOOO

OOOOOOO
OS  BBO
O B B O
OB    O
OS RBSO
OSB BSO
OOOOOOO

OOOOOOO
OS  BBO
O B B O
OB    O
OS  RBO
OSB BSO
OOOOOOO

OOOOOOO
OS  BBO
O B B O
OB  R O
OS   BO
OSB BSO
OOOOOOO

OOOOOOO
OS  BBO
O B B O
OB R  O
OS   BO
OSB BSO
OOOOOOO

OOOOOOO
OS  BBO
O B B O
OBR   O
OS   BO
OSB BSO
OOOOOOO

OOOOOOO
OSB BBO
O R B O
OB    O
OS   BO
OSB BSO
OOOOOOO

OOOOOOO
OSB BBO
O  RB O
OB    O
OS   BO
OSB BSO
OOOOOOO

OOOOOOO
OSB BBO
O   RBO
OB    O
OS   BO
OSB BSO
OOOOOOO

OOOOOOO
OSB BBO
O  R BO
OB    O
OS   BO
OSB BSO
OOOOOOO

OOOOOOO
OSB BBO
O R  BO
OB    O
OS   BO
OSB BSO
OOOOOOO

OOOOOOO
OSB BBO
OR   BO
OB    O
OS   BO
OSB BSO
OOOOOOO

OOOOOOO
OSB BBO
O    BO
OR    O
OB   BO
OSB BSO
OOOOOOO

OOOOOOO
OSB BBO
OR   BO
O     O
OB   BO
OSB BSO
OOOOOOO

OOOOOOO
OSB BBO
O R  BO
O     O
OB   BO
OSB BSO
OOOOOOO

OOOOOOO
OSB BBO
O  R BO
O     O
OB   BO
OSB BSO
OOOOOOO

OOOOOOO
OSBRBBO
O    BO
O     O
OB   BO
OSB BSO
OOOOOOO

OOOOOOO
OBR BBO
O    BO
O     O
OB   BO
OSB BSO
OOOOOOO

OOOOOOO
OB  BBO
O R  BO
O     O
OB   BO
OSB BSO
OOOOOOO

OOOOOOO
OB  BBO
O    BO
O R   O
OB   BO
OSB BSO
OOOOOOO

OOOOOOO
OB  BBO
O    BO
O  R  O
OB   BO
OSB BSO
OOOOOOO

OOOOOOO
OB  BBO
O    BO
O     O
OB R BO
OSB BSO
OOOOOOO

OOOOOOO
OB  BBO
O    BO
O     O
OB   BO
OSBRBSO
OOOOOOO

OOOOOOO
OB  BBO
O    BO
O     O
OB   BO
OBR BSO
OOOOOOO

OOOOOOO
OB  BBO
O    BO
O     O
OBR  BO
OBS BSO
OOOOOOO

OOOOOOO
OB  BBO
O    BO
O     O
OB R BO
OBS BSO
OOOOOOO

OOOOOOO
OB  BBO
O    BO
O  R  O
OB   BO
OBS BSO
OOOOOOO

OOOOOOO
OB  BBO
O    BO
O   R O
OB   BO
OBS BSO
OOOOOOO

OOOOOOO
OB  BBO
O    BO
O    RO
OB   BO
OBS BSO
OOOOOOO

OOOOOOO
OB  BBO
O    BO
O     O
OB   RO
OBS BBO
OOOOOOO

OOOOOOO
OB  BBO
O    BO
O    RO
OB   SO
OBS BBO
OOOOOOO

OOOOOOO
OB  BBO
O     O
O    BO
OB   RO
OBS BBO
OOOOOOO

OOOOOOO
OB  BBO
O     O
O    BO
OB  RSO
OBS BBO
OOOOOOO

OOOOOOO
OB  BBO
O     O
O   RBO
OB   SO
OBS BBO
OOOOOOO

OOOOOOO
OB  BBO
O     O
O  R BO
OB   SO
OBS BBO
OOOOOOO

OOOOOOO
OB  BBO
O  R  O
O    BO
OB   SO
OBS BBO
OOOOOOO

OOOOOOO
OB  BBO
O   R O
O    BO
OB   SO
OBS BBO
OOOOOOO

OOOOOOO
OB  BBO
O    RO
O    BO
OB   SO
OBS BBO
OOOOOOO

OOOOOOO
OB  BBO
O     O
O    RO
OB   BO
OBS BBO
OOOOOOO

OOOOOOO
OB  BBO
O     O
O   R O
OB   BO
OBS BBO
OOOOOOO

OOOOOOO
OB  BBO
O     O
O     O
OB  RBO
OBS BBO
OOOOOOO

OOOOOOO
OB  BBO
O     O
O     O
OB R BO
OBS BBO
OOOOOOO

OOOOOOO
OB  BBO
O     O
O     O
OBR  BO
OBS BBO
OOOOOOO

OOOOOOO
OB  BBO
O     O
O     O
OSBR BO
OBS BBO
OOOOOOO

OOOOOOO
OB  BBO
O     O
O  R  O
OSB  BO
OBS BBO
OOOOOOO

OOOOOOO
OB  BBO
O  R  O
O     O
OSB  BO
OBS BBO
OOOOOOO

OOOOOOO
OB  BBO
O R   O
O     O
OSB  BO
OBS BBO
OOOOOOO

OOOOOOO
OB  BBO
O     O
O R   O
OSB  BO
OBS BBO
OOOOOOO

OOOOOOO
OB  BBO
O     O
O     O
OSR  BO
OBB BBO
OOOOOOO

OOOOOOO
OB  BBO
O     O
O R   O
OS   BO
OBB BBO
OOOOOOO

OOOOOOO
OB  BBO
O     O
OR    O
OS   BO
OBB BBO
OOOOOOO

OOOOOOO
OB  BBO
O     O
O     O
OR   BO
OBB BBO
OOOOOOO

OOOOOOO
OB  BBO
O     O
OR    O
OB   BO
OSB BBO
OOOOOOO

OOOOOOO
OB  BBO
O     O
O R   O
OB   BO
OSB BBO
OOOOOOO

OOOOOOO
OB  BBO
O     O
O  R  O
OB   BO
OSB BBO
OOOOOOO

OOOOOOO
OB  BBO
O     O
O     O
OB R BO
OSB BBO
OOOOOOO

OOOOOOO
OB  BBO
O     O
O     O
OB   BO
OSBRBBO
OOOOOOO

OOOOOOO
OB  BBO
O     O
O     O
OB   BO
OBR BBO
OOOOOOO

OOOOOOO
OB  BBO
O     O
O     O
OBR  BO
OBS BBO
OOOOOOO

OOOOOOO
OB  BBO
O     O
O R   O
OB   BO
OBS BBO
OOOOOOO

OOOOOOO
OB  BBO
O     O
O  R  O
OB   BO
OBS BBO
OOOOOOO

OOOOOOO
OB  BBO
O  R  O
O     O
OB   BO
OBS BBO
OOOOOOO

OOOOOOO
OB  BBO
O   R O
O     O
OB   BO
OBS BBO
OOOOOOO

OOOOOOO
OB   BO
O   B O
O   R O
OB   BO
OBS BBO
OOOOOOO

OOOOOOO
OB   BO
O     O
O   B O
OB  RBO
OBS BBO
OOOOOOO

OOOOOOO
OB   BO
O     O
O   B O
OB R BO
OBS BBO
OOOOOOO

OOOOOOO
OB   BO
O     O
O  RB O
OB   BO
OBS BBO
OOOOOOO

OOOOOOO
OB   BO
O     O
O   RBO
OB   BO
OBS BBO
OOOOOOO

OOOOOOO
OB   BO
O     O
O    BO
OB  RBO
OBS BBO
OOOOOOO

OOOOOOO
OB   BO
O     O
O    BO
OB R BO
OBS BBO
OOOOOOO

OOOOOOO
OB   BO
O     O
O    BO
OB   BO
OBSRBBO
OOOOOOO

OOOOOOO
OB   BO
O     O
O    BO
OB   BO
OBR BBO
OOOOOOO

OOOOOOO
OB   BO
O     O
O    BO
OB   BO
OSBRBBO
OOOOOOO

OOOOOOO
OB   BO
O     O
O    BO
OB R BO
OSB BBO
OOOOOOO

OOOOOOO
OB   BO
O     O
O    BO
OBR  BO
OSB BBO
OOOOOOO

OOOOOOO
OB   BO
O     O
O    BO
OSBR BO
OSB BBO
OOOOOOO

OOOOOOO
OB   BO
O     O
O    BO
OSB  BO
OSBRBBO
OOOOOOO

OOOOOOO
OB   BO
O     O
O    BO
OSB  BO
OBR BBO
OOOOOOO

OOOOOOO
OB   BO
O     O
O    BO
OSB  BO
OBSRBBO
OOOOOOO

OOOOOOO
OB   BO
O     O
O    BO
OSBR BO
OBS BBO
OOOOOOO

OOOOOOO
OB   BO
O     O
O  R BO
OSB  BO
OBS BBO
OOOOOOO

OOOOOOO
OB   BO
O     O
O R  BO
OSB  BO
OBS BBO
OOOOOOO

OOOOOOO
OB   BO
O     O
O    BO
OSR  BO
OBB BBO
OOOOOOO

OOOOOOO
OB   BO
O     O
O    BO
OR   BO
OBB BBO
OOOOOOO

OOOOOOO
OB   BO
O     O
OR   BO
OB   BO
OSB BBO
OOOOOOO

OOOOOOO
OB   BO
OR    O
O    BO
OB   BO
OSB BBO
OOOOOOO

OOOOOOO
OB   BO
O R   O
O    BO
OB   BO
OSB BBO
OOOOOOO

OOOOOOO
OB   BO
O     O
O R  BO
OB   BO
OSB BBO
OOOOOOO

OOOOOOO
OB   BO
O     O
O    BO
OBR  BO
OSB BBO
OOOOOOO

OOOOOOO
OB   BO
O     O
O    BO
OB R BO
OSB BBO
OOOOOOO

OOOOOOO
OB   BO
O     O
O    BO
OB   BO
OSBRBBO
OOOOOOO

OOOOOOO
OB   BO
O     O
O    BO
OB   BO
OBR BBO
OOOOOOO

OOOOOOO
OB   BO
O     O
O    BO
OBR  BO
OBS BBO
OOOOOOO

OOOOOOO
OB   BO
O     O
O    BO
OB R BO
OBS BBO
OOOOOOO

OOOOOOO
OB   BO
O     O
O    BO
OB  RBO
OBS BBO
OOOOOOO

OOOOOOO
OB   BO
O     O
O    BO
OB RBSO
OBS BBO
OOOOOOO

OOOOOOO
OB   BO
O     O
O  R BO
OB  BSO
OBS BBO
OOOOOOO

OOOOOOO
OB   BO
O  R  O
O    BO
OB  BSO
OBS BBO
OOOOOOO

OOOOOOO
OB   BO
O   R O
O    BO
OB  BSO
OBS BBO
OOOOOOO

OOOOOOO
OB   BO
O    RO
O    BO
OB  BSO
OBS BBO
OOOOOOO

OOOOOOO
OB   BO
O     O
O    RO
OB  BBO
OBS BBO
OOOOOOO

OOOOOOO
OB   BO
O     O
O   R O
OB  BBO
OBS BBO
OOOOOOO

OOOOOOO
OB   BO
O     O
O  R  O
OB  BBO
OBS BBO
OOOOOOO

OOOOOOO
OB   BO
O     O
O     O
OB RBBO
OBS BBO
OOOOOOO

OOOOOOO
OB   BO
O     O
O     O
OB  BBO
OBSRBBO
OOOOOOO

OOOOOOO
OB   BO
O     O
O     O
OB  BBO
OBR BBO
OOOOOOO

OOOOOOO
OB   BO
O     O
O     O
OB  BBO
OSBRBBO
OOOOOOO

OOOOOOO
OB   BO
O     O
O     O
OB RBBO
OSB BBO
OOOOOOO

OOOOOOO
OB   BO
O     O
O     O
OBR BBO
OSB BBO
OOOOOOO

OOOOOOO
OB   BO
O     O
O R   O
OB  BBO
OSB BBO
OOOOOOO

OOOOOOO
OB   BO
O     O
OR    O
OB  BBO
OSB BBO
OOOOOOO

OOOOOOO
OB   BO
O     O
O     O
OR  BBO
OBB BBO
OOOOOOO

OOOOOOO
OB   BO
O     O
O     O
OSR BBO
OBB BBO
OOOOOOO

OOOOOOO
OB   BO
O     O
O     O
OS RBBO
OBB BBO
OOOOOOO

OOOOOOO
OB   BO
O     O
O     O
OSRB BO
OBB BBO
OOOOOOO

OOOOOOO
OB   BO
O     O
O     O
ORB  BO
OBB BBO
OOOOOOO

OOOOOOO
OB   BO
O     O
OR    O
OSB  BO
OBB BBO
OOOOOOO

OOOOOOO
OB   BO
O     O
O R   O
OSB  BO
OBB BBO
OOOOOOO

OOOOOOO
OB   BO
O     O
O  R  O
OSB  BO
OBB BBO
OOOOOOO

OOOOOOO
OB   BO
O     O
O     O
OSBR BO
OBB BBO
OOOOOOO

OOOOOOO
OB   BO
O     O
O     O
OBR  BO
OBB BBO
OOOOOOO

