  OOOOO 
OOO   O 
OSRB  O 
OOO BSO 
OSOOB O 
O O S OO
OBSBBBSO
O   S  O
OOOOOOOO

  OOOOO 
OOO   O 
OS RB O 
OOO BSO 
OSOOB O 
O O S OO
OBSBBBSO
O   S  O
OOOOOOOO

  OOOOO 
OOO   O 
OS  RBO 
OOO BSO 
OSOOB O 
O O S OO
OBSBBBSO
O   S  O
OOOOOOOO

  OOOOO 
OOO   O 
OS R BO 
OOO BSO 
OSOOB O 
O O S OO
OBSBBBSO
O   S  O
OOOOOOOO

  OOOOO 
OOO   O 
OS   BO 
OOORBSO 
OSOOB O 
O O S OO
OBSBBBSO
O   S  O
OOOOOOOO

  OOOOO 
OOO   O 
OS   BO 
OOO RBO 
OSOOB O 
O O S OO
OBSBBBSO
O   S  O
OOOOOOOO

  OOOOO 
OOO   O 
OS   BO 
OOO  BO 
OSOOR O 
O O B OO
OBSBBBSO
O   S  O
OOOOOOOO

  OOOOO 
OOO   O 
OS   BO 
OOO  BO 
OSOO RO 
O O B OO
OBSBBBSO
O   S  O
OOOOOOOO

  OOOOO 
OOO   O 
OS   BO 
OOO  BO 
OSOO  O 
O O BROO
OBSBBBSO
O   S  O
OOOOOOOO

  OOOOO 
OOO   O 
OS   BO 
OOO  BO 
OSOO  O 
O O B OO
OBSBBRSO
O   SB O
OOOOOOOO

  OOOOO 
OOO   O 
OS   BO 
OOO  BO 
OSOO  O 
O O B OO
OBSBB RO
O   SB O
OOOOOOOO

  OOOOO 
OOO   O 
OS   BO 
OOO  BO 
OSOO  O 
O O B OO
OBSBB SO
O   SBRO
OOOOOOOO

  OOOOO 
OOO   O 
OS   BO 
OOO  BO 
OSOO  O 
O O B OO
OBSBB SO
O   BR O
OOOOOOOO

  OOOOO 
OOO   O 
OS   BO 
OOO  BO 
OSOO  O 
O O B OO
OBSBBRSO
O   B  O
OOOOOOOO

  OOOOO 
OOO   O 
OS   BO 
OOO  BO 
OSOO  O 
O O B OO
OBSB BRO
O   B  O
OOOOOOOO

  OOOOO 
OOO   O 
OS   BO 
OOO  BO 
OSOO  O 
O O B OO
OBSB BSO
O   B RO
OOOOOOOO

  OOOOO 
OOO   O 
OS   BO 
OOO  BO 
OSOO  O 
O O B OO
OBSB BSO
O   BR O
OOOOOOOO

  OOOOO 
OOO   O 
OS   BO 
OOO  BO 
OSOO  O 
O O BBOO
OBSB RSO
O   B  O
OOOOOOOO

  OOOOO 
OOO   O 
OS   BO 
OOO  BO 
OSOO  O 
O O BBOO
OBSBR SO
O   B  O
OOOOOOOO

  OOOOO 
OOO   O 
OS   BO 
OOO  BO 
OSOO  O 
O O BBOO
OBBR  SO
O   B  O
OOOOOOOO

  OOOOO 
OOO   O 
OS   BO 
OOO  BO 
OSOO  O 
O O BBOO
OBB   SO
O  RB  O
OOOOOOOO

  OOOOO 
OOO   O 
OS   BO 
OOO  BO 
OSOO  O 
O O BBOO
OBB   SO
O R B  O
OOOOOOOO

  OOOOO 
OOO   O 
OS   BO 
OOO  BO 
OSOO  O 
O O BBOO
OBB   SO
OR  B  O
OOOOOOOO

  OOOOO 
OOO   O 
OS   BO 
OOO  BO 
OSOO  O 
OBO BBOO
ORB   SO
O   B  O
OOOOOOOO

  OOOOO 
OOO   O 
OS   BO 
OOO  BO 
OBOO  O 
ORO BBOO
O B   SO
O   B  O
OOOOOOOO

  OOOOO 
OOO   O 
OS   BO 
OOO  BO 
OBOO  O 
O O BBOO
ORB   SO
O   B  O
OOOOOOOO

  OOOOO 
OOO   O 
OS   BO 
OOO  BO 
OBOO  O 
O O BBOO
O B   SO
OR  B  O
OOOOOOOO

  OOOOO 
OOO   O 
OS   BO 
OOO  BO 
OBOO  O 
O O BBOO
O B   SO
O R B  O
OOOOOOOO

  OOOOO 
OOO   O 
OS   BO 
OOO  BO 
OBOO  O 
O O BBOO
O B   SO
O  RB  O
OOOOOOOO

  OOOOO 
OOO   O 
OS   BO 
OOO  BO 
OBOO  O 
O O BBOO
O BR  SO
O   B  O
OOOOOOOO

  OOOOO 
OOO   O 
OS   BO 
OOO  BO 
OBOO  O 
O O BBOO
O B R SO
O   B  O
OOOOOOOO

  OOOOO 
OOO   O 
OS   BO 
OOO  BO 
OBOO  O 
O O BBOO
O B  RSO
O   B  O
OOOOOOOO

  OOOOO 
OOO   O 
OS   BO 
OOO  BO 
OBOO  O 
O O B OO
O B  BSO
O   BR O
OOOOOOOO

  OOOOO 
OOO   O 
OS   BO 
OOO  BO 
OBOO  O 
O O B OO
O B  BSO
O   B RO
OOOOOOOO

  OOOOO 
OOO   O 
OS   BO 
OOO  BO 
OBOO  O 
O O B OO
O B  BRO
O   B  O
OOOOOOOO

  OOOOO 
OOO   O 
OS   BO 
OOO  BO 
OBOO  O 
O O B OO
O B BRSO
O   B  O
OOOOOOOO

  OOOOO 
OOO   O 
OS   BO 
OOO  BO 
OBOO  O 
O O B OO
O BBR SO
O   B  O
OOOOOOOO

  OOOOO 
OOO   O 
OS   BO 
OOO  BO 
OBOO  O 
O O B OO
O BB RSO
O   B  O
OOOOOOOO

  OOOOO 
OOO   O 
OS   BO 
OOO  BO 
OBOO  O 
O O B OO
O BB  RO
O   B  O
OOOOOOOO

  OOOOO 
OOO   O 
OS   BO 
OOO  BO 
OBOO  O 
O O B OO
O BB  SO
O   B RO
OOOOOOOO

  OOOOO 
OOO   O 
OS   BO 
OOO  BO 
OBOO  O 
O O B OO
O BB  SO
O   BR O
OOOOOOOO

  OOOOO 
OOO   O 
OS   BO 
OOO  BO 
OBOO  O 
O O B OO
O BB  SO
O  BR  O
OOOOOOOO

  OOOOO 
OOO   O 
OS   BO 
OOO  BO 
OBOO  O 
O O B OO
O BBR SO
O  BS  O
OOOOOOOO

  OOOOO 
OOO   O 
OS   BO 
OOO  BO 
OBOO  O 
O O B OO
O B BRSO
O  BS  O
OOOOOOOO

  OOOOO 
OOO   O 
OS   BO 
OOO  BO 
OBOO  O 
O O B OO
O B  BRO
O  BS  O
OOOOOOOO

  OOOOO 
OOO   O 
OS   BO 
OOO  BO 
OBOO  O 
O O B OO
O B  BSO
O  BS RO
OOOOOOOO

  OOOOO 
OOO   O 
OS   BO 
OOO  BO 
OBOO  O 
O O B OO
O B  BSO
O  BSR O
OOOOOOOO

  OOOOO 
OOO   O 
OS   BO 
OOO  BO 
OBOO  O 
O O B OO
O B  BSO
O  BR  O
OOOOOOOO

  OOOOO 
OOO   O 
OS   BO 
OOO  BO 
OBOO  O 
O O B OO
O B RBSO
O  BS  O
OOOOOOOO

  OOOOO 
OOO   O 
OS   BO 
OOO  BO 
OBOO  O 
O O B OO
O B  RBO
O  BS  O
OOOOOOOO

  OOOOO 
OOO   O 
OS   BO 
OOO  BO 
OBOO  O 
O O B OO
O B   BO
O  BSR O
OOOOOOOO

  OOOOO 
OOO   O 
OS   BO 
OOO  BO 
OBOO  O 
O O B OO
O B   BO
O  BR  O
OOOOOOOO

  OOOOO 
OOO   O 
OS   BO 
OOO  BO 
OBOO  O 
O O B OO
O B   BO
O   BR O
OOOOOOOO

  OOOOO 
OOO   O 
OS   BO 
OOO  BO 
OBOO  O 
O O B OO
O B  RBO
O   B  O
OOOOOOOO

  OOOOO 
OOO   O 
OS   BO 
OOO  BO 
OBOO  O 
O O BROO
O B   BO
O   B  O
OOOOOOOO

  OOOOO 
OOO   O 
OS   BO 
OOO  BO 
OBOO RO 
O O B OO
O B   BO
O   B  O
OOOOOOOO

  OOOOO 
OOO   O 
OS   BO 
OOO  BO 
OBOOR O 
O O B OO
O B   BO
O   B  O
OOOOOOOO

  OOOOO 
OOO   O 
OS   BO 
OOO RBO 
OBOO  O 
O O B OO
O B   BO
O   B  O
OOOOOOOO

  OOOOO 
OOO   O 
OS   BO 
OOORBSO 
OBOO  O 
O O B OO
O B   BO
O   B  O
OOOOOOOO

  OOOOO 
OOO   O 
OS R BO 
OOO BSO 
OBOO  O 
O O B OO
O B   BO
O   B  O
OOOOOOOO

  OOOOO 
OOO   O 
OS  RBO 
OOO BSO 
OBOO  O 
O O B OO
O B   BO
O   B  O
OOOOOOOO

  OOOOO 
OOO   O 
OS   BO 
OOO RSO 
OBOOB O 
O O B OO
O B   BO
O   B  O
OOOOOOOO

  OOOOO 
OOO   O 
OS   BO 
OOO  RO 
OBOOB O 
O O B OO
O B   BO
O   B  O
OOOOOOOO

  OOOOO 
OOO   O 
OS    O 
OOO  BO 
OBOOBRO 
O O B OO
O B   BO
O   B  O
OOOOOOOO

  OOOOO 
OOO   O 
OS    O 
OOO  BO 
OBOOB O 
O O BROO
O B   BO
O   B  O
OOOOOOOO

  OOOOO 
OOO   O 
OS    O 
OOO  BO 
OBOOB O 
O O B OO
O B  RBO
O   B  O
OOOOOOOO

  OOOOO 
OOO   O 
OS    O 
OOO  BO 
OBOOB O 
O O B OO
O B R BO
O   B  O
OOOOOOOO

  OOOOO 
OOO   O 
OS    O 
OOO  BO 
OBOOB O 
O O B OO
O BR  BO
O   B  O
OOOOOOOO

  OOOOO 
OOO   O 
OS    O 
OOO  BO 
OBOOB O 
O ORB OO
O B   BO
O   B  O
OOOOOOOO

  OOOOO 
OOO   O 
OS    O 
OOO  BO 
OBOOB O 
O O RBOO
O B   BO
O   B  O
OOOOOOOO

  OOOOO 
OOO   O 
OS    O 
OOO  BO 
OBOO  O 
O O BBOO
O B R BO
O   B  O
OOOOOOOO

  OOOOO 
OOO   O 
OS    O 
OOO  BO 
OBOO  O 
O O BBOO
O B  RBO
O   B  O
OOOOOOOO

  OOOOO 
OOO   O 
OS    O 
OOO  BO 
OBOO BO 
O O BROO
O B   BO
O   B  O
OOOOOOOO

  OOOOO 
OOO   O 
OS    O 
OOO  BO 
OBOO BO 
O O B OO
O B  RBO
O   B  O
OOOOOOOO

  OOOOO 
OOO   O 
OS    O 
OOO  BO 
OBOO BO 
O O B OO
O B R BO
O   B  O
OOOOOOOO

  OOOOO 
OOO   O 
OS    O 
OOO  BO 
OBOOBBO 
O O R OO
O B   BO
O   B  O
OOOOOOOO

  OOOOO 
OOO   O 
OS    O 
OOO BBO 
OBOORBO 
O O S OO
O B   BO
O   B  O
OOOOOOOO

  OOOOO 
OOO   O 
OS    O 
OOO BBO 
OBOO BO 
O O R OO
O B   BO
O   B  O
OOOOOOOO

  OOOOO 
OOO   O 
OS    O 
OOO BBO 
OBOO BO 
O O SROO
O B   BO
O   B  O
OOOOOOOO

  OOOOO 
OOO   O 
OS    O 
OOO BBO 
OBOO  O 
O O SBOO
O B  RBO
O   B  O
OOOOOOOO

  OOOOO 
OOO   O 
OS    O 
OOO BBO 
OBOO  O 
O O SBOO
O B R BO
O   B  O
OOOOOOOO

  OOOOO 
OOO   O 
OS    O 
OOO BBO 
OBOO  O 
O O RBOO
O B   BO
O   B  O
OOOOOOOO

  OOOOO 
OOO   O 
OS    O 
OOO BBO 
OBOO  O 
O ORB OO
O B   BO
O   B  O
OOOOOOOO

  OOOOO 
OOO   O 
OS    O 
OOO BBO 
OBOO  O 
O O B OO
O BR  BO
O   B  O
OOOOOOOO

  OOOOO 
OOO   O 
OS    O 
OOO BBO 
OBOO  O 
O O B OO
O B R BO
O   B  O
OOOOOOOO

  OOOOO 
OOO   O 
OS    O 
OOO BBO 
OBOO  O 
O O B OO
O B  RBO
O   B  O
OOOOOOOO

  OOOOO 
OOO   O 
OS    O 
OOO BBO 
OBOO  O 
O O BROO
O B   BO
O   B  O
OOOOOOOO

  OOOOO 
OOO   O 
OS    O 
OOO BBO 
OBOO RO 
O O B OO
O B   BO
O   B  O
OOOOOOOO

  OOOOO 
OOO   O 
OS    O 
OOO BBO 
OBOOR O 
O O B OO
O B   BO
O   B  O
OOOOOOOO

  OOOOO 
OOO   O 
OS  B O 
OOO RBO 
OBOO  O 
O O B OO
O B   BO
O   B  O
OOOOOOOO

  OOOOO 
OOO   O 
OS  B O 
OOOR BO 
OBOO  O 
O O B OO
O B   BO
O   B  O
OOOOOOOO

  OOOOO 
OOO   O 
OS RB O 
OOO  BO 
OBOO  O 
O O B OO
O B   BO
O   B  O
OOOOOOOO

  OOOOO 
OOO   O 
OS  RBO 
OOO  BO 
OBOO  O 
O O B OO
O B   BO
O   B  O
OOOOOOOO

  OOOOO 
OOO   O 
OS   BO 
OOO RBO 
OBOO  O 
O O B OO
O B   BO
O   B  O
OOOOOOOO

  OOOOO 
OOO   O 
OS   BO 
OOORBSO 
OBOO  O 
O O B OO
O B   BO
O   B  O
OOOOOOOO

  OOOOO 
OOO   O 
OS R BO 
OOO BSO 
OBOO  O 
O O B OO
O B   BO
O   B  O
OOOOOOOO

  OOOOO 
OOO   O 
OS  RBO 
OOO BSO 
OBOO  O 
O O B OO
O B   BO
O   B  O
OOOOOOOO

  OOOOO 
OOO   O 
OS   BO 
OOO RSO 
OBOOB O 
O O B OO
O B   BO
O   B  O
OOOOOOOO

  OOOOO 
OOO   O 
OS   BO 
OOO  RO 
OBOOB O 
O O B OO
O B   BO
O   B  O
OOOOOOOO

  OOOOO 
OOO   O 
OS    O 
OOO  BO 
OBOOBRO 
O O B OO
O B   BO
O   B  O
OOOOOOOO

  OOOOO 
OOO   O 
OS    O 
OOO  BO 
OBOOB O 
O O BROO
O B   BO
O   B  O
OOOOOOOO

  OOOOO 
OOO   O 
OS    O 
OOO  BO 
OBOOB O 
O O B OO
O B  RBO
O   B  O
OOOOOOOO

  OOOOO 
OOO   O 
OS    O 
OOO  BO 
OBOOB O 
O O B OO
O B R BO
O   B  O
OOOOOOOO

  OOOOO 
OOO   O 
OS    O 
OOO  BO 
OBOOB O 
O O B OO
O BR  BO
O   B  O
OOOOOOOO

  OOOOO 
OOO   O 
OS    O 
OOO  BO 
OBOOB O 
O ORB OO
O B   BO
O   B  O
OOOOOOOO

  OOOOO 
OOO   O 
OS    O 
OOO  BO 
OBOOB O 
O O RBOO
O B   BO
O   B  O
OOOOOOOO

  OOOOO 
OOO   O 
OS    O 
OOO BBO 
OBOOR O 
O O SBOO
O B   BO
O   B  O
OOOOOOOO

  OOOOO 
OOO   O 
OS    O 
OOO BBO 
OBOO RO 
O O SBOO
O B   BO
O   B  O
OOOOOOOO

  OOOOO 
OOO   O 
OS    O 
OOO BBO 
OBOO  O 
O O SROO
O B  BBO
O   B  O
OOOOOOOO

  OOOOO 
OOO   O 
OS    O 
OOO BBO 
OBOO  O 
O O S OO
O B  RBO
O   BB O
OOOOOOOO

  OOOOO 
OOO   O 
OS    O 
OOO BBO 
OBOO  O 
O O SROO
O B   BO
O   BB O
OOOOOOOO

  OOOOO 
OOO   O 
OS    O 
OOO BBO 
OBOO  O 
O O R OO
O B   BO
O   BB O
OOOOOOOO

  OOOOO 
OOO   O 
OS    O 
OOO BBO 
OBOOR O 
O O S OO
O B   BO
O   BB O
OOOOOOOO

  OOOOO 
OOO   O 
OS    O 
OOO  BO 
OBOOB O 
O O R OO
O B   BO
O   BB O
OOOOOOOO

  OOOOO 
OOO   O 
OS    O 
OOO  BO 
OBOO  O 
O O B OO
O B R BO
O   BB O
OOOOOOOO

  OOOOO 
OOO   O 
OS    O 
OOO  BO 
OBOO  O 
O O B OO
O B  RBO
O   BB O
OOOOOOOO

  OOOOO 
OOO   O 
OS    O 
OOO  BO 
OBOO  O 
O O BROO
O B  BBO
O   B  O
OOOOOOOO

  OOOOO 
OOO   O 
OS    O 
OOO  BO 
OBOO RO 
O O BBOO
O B   BO
O   B  O
OOOOOOOO

  OOOOO 
OOO   O 
OS    O 
OOO  BO 
OBOOR O 
O O BBOO
O B   BO
O   B  O
OOOOOOOO

  OOOOO 
OOO   O 
OS    O 
OOO RBO 
OBOO  O 
O O BBOO
O B   BO
O   B  O
OOOOOOOO

  OOOOO 
OOO   O 
OS  R O 
OOO  BO 
OBOO  O 
O O BBOO
O B   BO
O   B  O
OOOOOOOO

  OOOOO 
OOO   O 
OS   RO 
OOO  BO 
OBOO  O 
O O BBOO
O B   BO
O   B  O
OOOOOOOO

  OOOOO 
OOO  RO 
OS   BO 
OOO  SO 
OBOO  O 
O O BBOO
O B   BO
O   B  O
OOOOOOOO

  OOOOO 
OOO R O 
OS   BO 
OOO  SO 
OBOO  O 
O O BBOO
O B   BO
O   B  O
OOOOOOOO

  OOOOO 
OOOR  O 
OS   BO 
OOO  SO 
OBOO  O 
O O BBOO
O B   BO
O   B  O
OOOOOOOO

  OOOOO 
OOO   O 
OS R BO 
OOO  SO 
OBOO  O 
O O BBOO
O B   BO
O   B  O
OOOOOOOO

  OOOOO 
OOO   O 
OS   BO 
OOOR SO 
OBOO  O 
O O BBOO
O B   BO
O   B  O
OOOOOOOO

  OOOOO 
OOO   O 
OS   BO 
OOO RSO 
OBOO  O 
O O BBOO
O B   BO
O   B  O
OOOOOOOO

  OOOOO 
OOO   O 
OS   BO 
OOO  SO 
OBOOR O 
O O BBOO
O B   BO
O   B  O
OOOOOOOO

  OOOOO 
OOO   O 
OS   BO 
OOO  SO 
OBOO RO 
O O BBOO
O B   BO
O   B  O
OOOOOOOO

  OOOOO 
OOO   O 
OS   BO 
OOO  RO 
OBOO BO 
O O B OO
O B   BO
O   B  O
OOOOOOOO

  OOOOO 
OOO   O 
OS   BO 
OOO RSO 
OBOO BO 
O O B OO
O B   BO
O   B  O
OOOOOOOO

  OOOOO 
OOO   O 
OS  RBO 
OOO  SO 
OBOO BO 
O O B OO
O B   BO
O   B  O
OOOOOOOO

  OOOOO 
OOO R O 
OS   BO 
OOO  SO 
OBOO BO 
O O B OO
O B   BO
O   B  O
OOOOOOOO

  OOOOO 
OOO  RO 
OS   BO 
OOO  SO 
OBOO BO 
O O B OO
O B   BO
O   B  O
OOOOOOOO

  OOOOO 
OOO   O 
OS   RO 
OOO  BO 
OBOO BO 
O O B OO
O B   BO
O   B  O
OOOOOOOO

  OOOOO 
OOO   O 
OS  R O 
OOO  BO 
OBOO BO 
O O B OO
O B   BO
O   B  O
OOOOOOOO

  OOOOO 
OOO   O 
OS    O 
OOO RBO 
OBOO BO 
O O B OO
O B   BO
O   B  O
OOOOOOOO

  OOOOO 
OOO   O 
OS    O 
OOORBSO 
OBOO BO 
O O B OO
O B   BO
O   B  O
OOOOOOOO

  OOOOO 
OOO   O 
OS R  O 
OOO BSO 
OBOO BO 
O O B OO
O B   BO
O   B  O
OOOOOOOO

  OOOOO 
OOOR  O 
OS    O 
OOO BSO 
OBOO BO 
O O B OO
O B   BO
O   B  O
OOOOOOOO

  OOOOO 
OOO R O 
OS    O 
OOO BSO 
OBOO BO 
O O B OO
O B   BO
O   B  O
OOOOOOOO

  OOOOO 
OOO  RO 
OS    O 
OOO BSO 
OBOO BO 
O O B OO
O B   BO
O   B  O
OOOOOOOO

  OOOOO 
OOO   O 
OS   RO 
OOO BSO 
OBOO BO 
O O B OO
O B   BO
O   B  O
OOOOOOOO

  OOOOO 
OOO   O 
OS    O 
OOO BRO 
OBOO BO 
O O B OO
O B   BO
O   B  O
OOOOOOOO

  OOOOO 
OOO   O 
OS   RO 
OOO BBO 
OBOO  O 
O O B OO
O B   BO
O   B  O
OOOOOOOO

  OOOOO 
OOO   O 
OS  R O 
OOO BBO 
OBOO  O 
O O B OO
O B   BO
O   B  O
OOOOOOOO

  OOOOO 
OOO R O 
OS  B O 
OOO  BO 
OBOO  O 
O O B OO
O B   BO
O   B  O
OOOOOOOO

  OOOOO 
OOO  RO 
OS  B O 
OOO  BO 
OBOO  O 
O O B OO
O B   BO
O   B  O
OOOOOOOO

  OOOOO 
OOO   O 
OS  BRO 
OOO  BO 
OBOO  O 
O O B OO
O B   BO
O   B  O
OOOOOOOO

  OOOOO 
OOO   O 
OS BR O 
OOO  BO 
OBOO  O 
O O B OO
O B   BO
O   B  O
OOOOOOOO

  OOOOO 
OOO   O 
OSBR  O 
OOO  BO 
OBOO  O 
O O B OO
O B   BO
O   B  O
OOOOOOOO

  OOOOO 
OOO   O 
OBR   O 
OOO  BO 
OBOO  O 
O O B OO
O B   BO
O   B  O
OOOOOOOO

