OOOOOOOOOOOO
OS         O
O          O
O          O
O  OOO     O
O          O
O          O
O      OOO O
O          O
O          O
O OOOO     O
O     B    O
O          O
O          O
O      R   O
OOOOOOOOOOOO

OOOOOOOOOOOO
OS         O
O          O
O          O
O  OOO     O
O          O
O          O
O      OOO O
O          O
O          O
O OOOO     O
O     B    O
O          O
O          O
O     R    O
OOOOOOOOOOOO

OOOOOOOOOOOO
OS         O
O          O
O          O
O  OOO     O
O          O
O          O
O      OOO O
O          O
O          O
O OOOO     O
O     B    O
O          O
O     R    O
O          O
OOOOOOOOOOOO

OOOOOOOOOOOO
OS         O
O          O
O          O
O  OOO     O
O          O
O          O
O      OOO O
O          O
O          O
O OOOO     O
O     B    O
O     R    O
O          O
O          O
OOOOOOOOOOOO

OOOOOOOOOOOO
OS         O
O          O
O          O
O  OOO     O
O          O
O          O
O      OOO O
O          O
O          O
O OOOOB    O
O     R    O
O          O
O          O
O          O
OOOOOOOOOOOO

OOOOOOOOOOOO
OS         O
O          O
O          O
O  OOO     O
O          O
O          O
O      OOO O
O          O
O     B    O
O OOOOR    O
O          O
O          O
O          O
O          O
OOOOOOOOOOOO

OOOOOOOOOOOO
OS         O
O          O
O          O
O  OOO     O
O          O
O          O
O      OOO O
O     B    O
O     R    O
O OOOO     O
O          O
O          O
O          O
O          O
OOOOOOOOOOOO

OOOOOOOOOOOO
OS         O
O          O
O          O
O  OOO     O
O          O
O          O
O     BOOO O
O     R    O
O          O
O OOOO     O
O          O
O          O
O          O
O          O
OOOOOOOOOOOO

OOOOOOOOOOOO
OS         O
O          O
O          O
O  OOO     O
O          O
O     B    O
O     ROOO O
O          O
O          O
O OOOO     O
O          O
O          O
O          O
O          O
OOOOOOOOOOOO

OOOOOOOOOOOO
OS         O
O          O
O          O
O  OOO     O
O     B    O
O     R    O
O      OOO O
O          O
O          O
O OOOO     O
O          O
O          O
O          O
O          O
OOOOOOOOOOOO

OOOOOOOOOOOO
OS         O
O          O
O          O
O  OOOB    O
O     R    O
O          O
O      OOO O
O          O
O          O
O OOOO     O
O          O
O          O
O          O
O          O
OOOOOOOOOOOO

OOOOOOOOOOOO
OS         O
O          O
O     B    O
O  OOOR    O
O          O
O          O
O      OOO O
O          O
O          O
O OOOO     O
O          O
O          O
O          O
O          O
OOOOOOOOOOOO

OOOOOOOOOOOO
OS         O
O     B    O
O     R    O
O  OOO     O
O          O
O          O
O      OOO O
O          O
O          O
O OOOO     O
O          O
O          O
O          O
O          O
OOOOOOOOOOOO

OOOOOOOOOOOO
OS    B    O
O     R    O
O          O
O  OOO     O
O          O
O          O
O      OOO O
O          O
O          O
O OOOO     O
O          O
O          O
O          O
O          O
OOOOOOOOOOOO

OOOOOOOOOOOO
OS    B    O
O      R   O
O          O
O  OOO     O
O          O
O          O
O      OOO O
O          O
O          O
O OOOO     O
O          O
O          O
O          O
O          O
OOOOOOOOOOOO

OOOOOOOOOOOO
OS    B    O
O       R  O
O          O
O  OOO     O
O          O
O          O
O      OOO O
O          O
O          O
O OOOO     O
O          O
O          O
O          O
O          O
OOOOOOOOOOOO

OOOOOOOOOOOO
OS    B R  O
O          O
O          O
O  OOO     O
O          O
O          O
O      OOO O
O          O
O          O
O OOOO     O
O          O
O          O
O          O
O          O
OOOOOOOOOOOO

OOOOOOOOOOOO
OS    BR   O
O          O
O          O
O  OOO     O
O          O
O          O
O      OOO O
O          O
O          O
O OOOO     O
O          O
O          O
O          O
O          O
OOOOOOOOOOOO

OOOOOOOOOOOO
OS   BR    O
O          O
O          O
O  OOO     O
O          O
O          O
O      OOO O
O          O
O          O
O OOOO     O
O          O
O          O
O          O
O          O
OOOOOOOOOOOO

OOOOOOOOOOOO
OS  BR     O
O          O
O          O
O  OOO     O
O          O
O          O
O      OOO O
O          O
O          O
O OOOO     O
O          O
O          O
O          O
O          O
OOOOOOOOOOOO

OOOOOOOOOOOO
OS BR      O
O          O
O          O
O  OOO     O
O          O
O          O
O      OOO O
O          O
O          O
O OOOO     O
O          O
O          O
O          O
O          O
OOOOOOOOOOOO

OOOOOOOOOOOO
OSBR       O
O          O
O          O
O  OOO     O
O          O
O          O
O      OOO O
O          O
O          O
O OOOO     O
O          O
O          O
O          O
O          O
OOOOOOOOOOOO

OOOOOOOOOOOO
OBR        O
O          O
O          O
O  OOO     O
O          O
O          O
O      OOO O
O          O
O          O
O OOOO     O
O          O
O          O
O          O
O          O
OOOOOOOOOOOO

