OOOOOOOOO
OO  OOOOO
OOB OOOOO
O B B   O
OROSSSS O
O BS   OO
OOBO OOOO
OO   OOOO
OOOOOOOOO

OOOOOOOOO
OO  OOOOO
OOB OOOOO
O B B   O
O OSSSS O
ORBS   OO
OOBO OOOO
OO   OOOO
OOOOOOOOO

OOOOOOOOO
OO  OOOOO
OOB OOOOO
O B B   O
O OSSSS O
O RB   OO
OOBO OOOO
OO   OOOO
OOOOOOOOO

OOOOOOOOO
OO  OOOOO
OOB OOOOO
O B B   O
O OSSSS O
OR B   OO
OOBO OOOO
OO   OOOO
OOOOOOOOO

OOOOOOOOO
OO  OOOOO
OOB OOOOO
O B B   O
OROSSSS O
O  B   OO
OOBO OOOO
OO   OOOO
OOOOOOOOO

OOOOOOOOO
OO  OOOOO
OOB OOOOO
ORB B   O
O OSSSS O
O  B   OO
OOBO OOOO
OO   OOOO
OOOOOOOOO

OOOOOOOOO
OO  OOOOO
OOB OOOOO
O RBB   O
O OSSSS O
O  B   OO
OOBO OOOO
OO   OOOO
OOOOOOOOO

OOOOOOOOO
OOB OOOOO
OOR OOOOO
O  BB   O
O OSSSS O
O  B   OO
OOBO OOOO
OO   OOOO
OOOOOOOOO

OOOOOOOOO
OOB OOOOO
OO ROOOOO
O  BB   O
O OSSSS O
O  B   OO
OOBO OOOO
OO   OOOO
OOOOOOOOO

OOOOOOOOO
OOB OOOOO
OO  OOOOO
O  RB   O
O OBSSS O
O  B   OO
OOBO OOOO
OO   OOOO
OOOOOOOOO

OOOOOOOOO
OOB OOOOO
OO  OOOOO
O R B   O
O OBSSS O
O  B   OO
OOBO OOOO
OO   OOOO
OOOOOOOOO

OOOOOOOOO
OOB OOOOO
OOR OOOOO
O   B   O
O OBSSS O
O  B   OO
OOBO OOOO
OO   OOOO
OOOOOOOOO

OOOOOOOOO
OO  OOOOO
OOB OOOOO
O R B   O
O OBSSS O
O  B   OO
OOBO OOOO
OO   OOOO
OOOOOOOOO

OOOOOOOOO
OO  OOOOO
OOB OOOOO
O  RB   O
O OBSSS O
O  B   OO
OOBO OOOO
OO   OOOO
OOOOOOOOO

OOOOOOOOO
OO  OOOOO
OOB OOOOO
O   RB  O
O OBSSS O
O  B   OO
OOBO OOOO
OO   OOOO
OOOOOOOOO

OOOOOOOOO
OO  OOOOO
OOB OOOOO
O    B  O
O OBRSS O
O  B   OO
OOBO OOOO
OO   OOOO
OOOOOOOOO

OOOOOOOOO
OO  OOOOO
OOB OOOOO
O    B  O
O OBSRS O
O  B   OO
OOBO OOOO
OO   OOOO
OOOOOOOOO

OOOOOOOOO
OO  OOOOO
OOB OOOOO
O       O
O OBSBS O
O  B R OO
OOBO OOOO
OO   OOOO
OOOOOOOOO

OOOOOOOOO
OO  OOOOO
OOB OOOOO
O       O
O OBSBS O
O  BR  OO
OOBO OOOO
OO   OOOO
OOOOOOOOO

OOOOOOOOO
OO  OOOOO
OOB OOOOO
O       O
O OBRBS O
O  B   OO
OOBO OOOO
OO   OOOO
OOOOOOOOO

OOOOOOOOO
OO  OOOOO
OOB OOOOO
O   R   O
O OBSBS O
O  B   OO
OOBO OOOO
OO   OOOO
OOOOOOOOO

OOOOOOOOO
OO  OOOOO
OOB OOOOO
O  R    O
O OBSBS O
O  B   OO
OOBO OOOO
OO   OOOO
OOOOOOOOO

OOOOOOOOO
OO  OOOOO
OOBROOOOO
O       O
O OBSBS O
O  B   OO
OOBO OOOO
OO   OOOO
OOOOOOOOO

OOOOOOOOO
OO ROOOOO
OOB OOOOO
O       O
O OBSBS O
O  B   OO
OOBO OOOO
OO   OOOO
OOOOOOOOO

OOOOOOOOO
OOR OOOOO
OOB OOOOO
O       O
O OBSBS O
O  B   OO
OOBO OOOO
OO   OOOO
OOOOOOOOO

OOOOOOOOO
OO  OOOOO
OOR OOOOO
O B     O
O OBSBS O
O  B   OO
OOBO OOOO
OO   OOOO
OOOOOOOOO

OOOOOOOOO
OO  OOOOO
OO ROOOOO
O B     O
O OBSBS O
O  B   OO
OOBO OOOO
OO   OOOO
OOOOOOOOO

OOOOOOOOO
OO  OOOOO
OO  OOOOO
O BR    O
O OBSBS O
O  B   OO
OOBO OOOO
OO   OOOO
OOOOOOOOO

OOOOOOOOO
OO  OOOOO
OO  OOOOO
O  BR   O
O OBSBS O
O  B   OO
OOBO OOOO
OO   OOOO
OOOOOOOOO

OOOOOOOOO
OO  OOOOO
OO  OOOOO
O   BR  O
O OBSBS O
O  B   OO
OOBO OOOO
OO   OOOO
OOOOOOOOO

OOOOOOOOO
OO  OOOOO
OO  OOOOO
O   B R O
O OBSBS O
O  B   OO
OOBO OOOO
OO   OOOO
OOOOOOOOO

OOOOOOOOO
OO  OOOOO
OO  OOOOO
O   B   O
O OBSBR O
O  B   OO
OOBO OOOO
OO   OOOO
OOOOOOOOO

OOOOOOOOO
OO  OOOOO
OO  OOOOO
O   B   O
O OBSBS O
O  B  ROO
OOBO OOOO
OO   OOOO
OOOOOOOOO

OOOOOOOOO
OO  OOOOO
OO  OOOOO
O   B   O
O OBSBS O
O  B R OO
OOBO OOOO
OO   OOOO
OOOOOOOOO

OOOOOOOOO
OO  OOOOO
OO  OOOOO
O   B   O
O OBSBS O
O  BR  OO
OOBO OOOO
OO   OOOO
OOOOOOOOO

OOOOOOOOO
OO  OOOOO
OO  OOOOO
O   B   O
O OBRBS O
O  B   OO
OOBO OOOO
OO   OOOO
OOOOOOOOO

OOOOOOOOO
OO  OOOOO
OO  OOOOO
O       O
O OBBBS O
O  BR  OO
OOBO OOOO
OO   OOOO
OOOOOOOOO

OOOOOOOOO
OO  OOOOO
OO  OOOOO
O       O
O OBBBS O
O  B R OO
OOBO OOOO
OO   OOOO
OOOOOOOOO

OOOOOOOOO
OO  OOOOO
OO  OOOOO
O       O
O OBBBS O
O  B  ROO
OOBO OOOO
OO   OOOO
OOOOOOOOO

OOOOOOOOO
OO  OOOOO
OO  OOOOO
O       O
O OBBBR O
O  B   OO
OOBO OOOO
OO   OOOO
OOOOOOOOO

OOOOOOOOO
OO  OOOOO
OO  OOOOO
O     R O
O OBBBS O
O  B   OO
OOBO OOOO
OO   OOOO
OOOOOOOOO

OOOOOOOOO
OO  OOOOO
OO  OOOOO
O    R  O
O OBBBS O
O  B   OO
OOBO OOOO
OO   OOOO
OOOOOOOOO

OOOOOOOOO
OO  OOOOO
OO  OOOOO
O   R   O
O OBBBS O
O  B   OO
OOBO OOOO
OO   OOOO
OOOOOOOOO

OOOOOOOOO
OO  OOOOO
OO  OOOOO
O  R    O
O OBBBS O
O  B   OO
OOBO OOOO
OO   OOOO
OOOOOOOOO

OOOOOOOOO
OO  OOOOO
OO  OOOOO
O R     O
O OBBBS O
O  B   OO
OOBO OOOO
OO   OOOO
OOOOOOOOO

OOOOOOOOO
OO  OOOOO
OO  OOOOO
OR      O
O OBBBS O
O  B   OO
OOBO OOOO
OO   OOOO
OOOOOOOOO

OOOOOOOOO
OO  OOOOO
OO  OOOOO
O       O
OROBBBS O
O  B   OO
OOBO OOOO
OO   OOOO
OOOOOOOOO

OOOOOOOOO
OO  OOOOO
OO  OOOOO
O       O
O OBBBS O
OR B   OO
OOBO OOOO
OO   OOOO
OOOOOOOOO

OOOOOOOOO
OO  OOOOO
OO  OOOOO
O       O
O OBBBS O
O RB   OO
OOBO OOOO
OO   OOOO
OOOOOOOOO

OOOOOOOOO
OO  OOOOO
OO  OOOOO
O       O
O OBBBS O
O  B   OO
OORO OOOO
OOB  OOOO
OOOOOOOOO

OOOOOOOOO
OO  OOOOO
OO  OOOOO
O       O
O OBBBS O
O RB   OO
OO O OOOO
OOB  OOOO
OOOOOOOOO

OOOOOOOOO
OO  OOOOO
OO  OOOOO
O       O
O OBBBS O
OR B   OO
OO O OOOO
OOB  OOOO
OOOOOOOOO

OOOOOOOOO
OO  OOOOO
OO  OOOOO
O       O
OROBBBS O
O  B   OO
OO O OOOO
OOB  OOOO
OOOOOOOOO

OOOOOOOOO
OO  OOOOO
OO  OOOOO
OR      O
O OBBBS O
O  B   OO
OO O OOOO
OOB  OOOO
OOOOOOOOO

OOOOOOOOO
OO  OOOOO
OO  OOOOO
O R     O
O OBBBS O
O  B   OO
OO O OOOO
OOB  OOOO
OOOOOOOOO

OOOOOOOOO
OO  OOOOO
OO  OOOOO
O  R    O
O OBBBS O
O  B   OO
OO O OOOO
OOB  OOOO
OOOOOOOOO

OOOOOOOOO
OO  OOOOO
OO  OOOOO
O   R   O
O OBBBS O
O  B   OO
OO O OOOO
OOB  OOOO
OOOOOOOOO

OOOOOOOOO
OO  OOOOO
OO  OOOOO
O    R  O
O OBBBS O
O  B   OO
OO O OOOO
OOB  OOOO
OOOOOOOOO

OOOOOOOOO
OO  OOOOO
OO  OOOOO
O     R O
O OBBBS O
O  B   OO
OO O OOOO
OOB  OOOO
OOOOOOOOO

OOOOOOOOO
OO  OOOOO
OO  OOOOO
O       O
O OBBBR O
O  B   OO
OO O OOOO
OOB  OOOO
OOOOOOOOO

OOOOOOOOO
OO  OOOOO
OO  OOOOO
O       O
O OBBBS O
O  B  ROO
OO O OOOO
OOB  OOOO
OOOOOOOOO

OOOOOOOOO
OO  OOOOO
OO  OOOOO
O       O
O OBBBS O
O  B R OO
OO O OOOO
OOB  OOOO
OOOOOOOOO

OOOOOOOOO
OO  OOOOO
OO  OOOOO
O       O
O OBBBS O
O  BR  OO
OO O OOOO
OOB  OOOO
OOOOOOOOO

OOOOOOOOO
OO  OOOOO
OO  OOOOO
O       O
O OBBBS O
O  B   OO
OO OROOOO
OOB  OOOO
OOOOOOOOO

OOOOOOOOO
OO  OOOOO
OO  OOOOO
O       O
O OBBBS O
O  B   OO
OO O OOOO
OOB ROOOO
OOOOOOOOO

OOOOOOOOO
OO  OOOOO
OO  OOOOO
O       O
O OBBBS O
O  B   OO
OO O OOOO
OOBR OOOO
OOOOOOOOO

OOOOOOOOO
OO  OOOOO
OO  OOOOO
O       O
O OBBBS O
O  B   OO
OO O OOOO
OO BROOOO
OOOOOOOOO

OOOOOOOOO
OO  OOOOO
OO  OOOOO
O       O
O OBBBS O
O  B   OO
OO OROOOO
OO B OOOO
OOOOOOOOO

OOOOOOOOO
OO  OOOOO
OO  OOOOO
O       O
O OBBBS O
O  BR  OO
OO O OOOO
OO B OOOO
OOOOOOOOO

OOOOOOOOO
OO  OOOOO
OO  OOOOO
O       O
O OBBBS O
O  B R OO
OO O OOOO
OO B OOOO
OOOOOOOOO

OOOOOOOOO
OO  OOOOO
OO  OOOOO
O       O
O OBBBS O
O  B  ROO
OO O OOOO
OO B OOOO
OOOOOOOOO

OOOOOOOOO
OO  OOOOO
OO  OOOOO
O       O
O OBBBR O
O  B   OO
OO O OOOO
OO B OOOO
OOOOOOOOO

OOOOOOOOO
OO  OOOOO
OO  OOOOO
O     R O
O OBBBS O
O  B   OO
OO O OOOO
OO B OOOO
OOOOOOOOO

OOOOOOOOO
OO  OOOOO
OO  OOOOO
O    R  O
O OBBBS O
O  B   OO
OO O OOOO
OO B OOOO
OOOOOOOOO

OOOOOOOOO
OO  OOOOO
OO  OOOOO
O   R   O
O OBBBS O
O  B   OO
OO O OOOO
OO B OOOO
OOOOOOOOO

OOOOOOOOO
OO  OOOOO
OO  OOOOO
O  R    O
O OBBBS O
O  B   OO
OO O OOOO
OO B OOOO
OOOOOOOOO

OOOOOOOOO
OO  OOOOO
OO  OOOOO
O R     O
O OBBBS O
O  B   OO
OO O OOOO
OO B OOOO
OOOOOOOOO

OOOOOOOOO
OO  OOOOO
OO  OOOOO
OR      O
O OBBBS O
O  B   OO
OO O OOOO
OO B OOOO
OOOOOOOOO

OOOOOOOOO
OO  OOOOO
OO  OOOOO
O       O
OROBBBS O
O  B   OO
OO O OOOO
OO B OOOO
OOOOOOOOO

OOOOOOOOO
OO  OOOOO
OO  OOOOO
O       O
O OBBBS O
OR B   OO
OO O OOOO
OO B OOOO
OOOOOOOOO

OOOOOOOOO
OO  OOOOO
OO  OOOOO
O       O
O OBBBS O
O RB   OO
OO O OOOO
OO B OOOO
OOOOOOOOO

OOOOOOOOO
OO  OOOOO
OO  OOOOO
O       O
O OBBBS O
O  B   OO
OORO OOOO
OO B OOOO
OOOOOOOOO

OOOOOOOOO
OO  OOOOO
OO  OOOOO
O       O
O OBBBS O
O  B   OO
OO O OOOO
OORB OOOO
OOOOOOOOO

OOOOOOOOO
OO  OOOOO
OO  OOOOO
O       O
O OBBBS O
O  B   OO
OO O OOOO
OO RBOOOO
OOOOOOOOO

OOOOOOOOO
OO  OOOOO
OO  OOOOO
O       O
O OBBBS O
O  B   OO
OO O OOOO
OOR BOOOO
OOOOOOOOO

OOOOOOOOO
OO  OOOOO
OO  OOOOO
O       O
O OBBBS O
O  B   OO
OORO OOOO
OO  BOOOO
OOOOOOOOO

OOOOOOOOO
OO  OOOOO
OO  OOOOO
O       O
O OBBBS O
O RB   OO
OO O OOOO
OO  BOOOO
OOOOOOOOO

OOOOOOOOO
OO  OOOOO
OO  OOOOO
O       O
O OBBBS O
OR B   OO
OO O OOOO
OO  BOOOO
OOOOOOOOO

OOOOOOOOO
OO  OOOOO
OO  OOOOO
O       O
OROBBBS O
O  B   OO
OO O OOOO
OO  BOOOO
OOOOOOOOO

OOOOOOOOO
OO  OOOOO
OO  OOOOO
OR      O
O OBBBS O
O  B   OO
OO O OOOO
OO  BOOOO
OOOOOOOOO

OOOOOOOOO
OO  OOOOO
OO  OOOOO
O R     O
O OBBBS O
O  B   OO
OO O OOOO
OO  BOOOO
OOOOOOOOO

OOOOOOOOO
OO  OOOOO
OO  OOOOO
O  R    O
O OBBBS O
O  B   OO
OO O OOOO
OO  BOOOO
OOOOOOOOO

OOOOOOOOO
OO  OOOOO
OO  OOOOO
O   R   O
O OBBBS O
O  B   OO
OO O OOOO
OO  BOOOO
OOOOOOOOO

OOOOOOOOO
OO  OOOOO
OO  OOOOO
O    R  O
O OBBBS O
O  B   OO
OO O OOOO
OO  BOOOO
OOOOOOOOO

OOOOOOOOO
OO  OOOOO
OO  OOOOO
O     R O
O OBBBS O
O  B   OO
OO O OOOO
OO  BOOOO
OOOOOOOOO

OOOOOOOOO
OO  OOOOO
OO  OOOOO
O       O
O OBBBR O
O  B   OO
OO O OOOO
OO  BOOOO
OOOOOOOOO

OOOOOOOOO
OO  OOOOO
OO  OOOOO
O       O
O OBBBS O
O  B  ROO
OO O OOOO
OO  BOOOO
OOOOOOOOO

OOOOOOOOO
OO  OOOOO
OO  OOOOO
O       O
O OBBBS O
O  B R OO
OO O OOOO
OO  BOOOO
OOOOOOOOO

OOOOOOOOO
OO  OOOOO
OO  OOOOO
O       O
O OBBBS O
O  BR  OO
OO O OOOO
OO  BOOOO
OOOOOOOOO

OOOOOOOOO
OO  OOOOO
OO  OOOOO
O       O
O OBBBS O
O  B   OO
OO OROOOO
OO  BOOOO
OOOOOOOOO

OOOOOOOOO
OO  OOOOO
OO  OOOOO
O       O
O OBBBS O
O  BR  OO
OO OBOOOO
OO   OOOO
OOOOOOOOO

OOOOOOOOO
OO  OOOOO
OO  OOOOO
O       O
O OBBBS O
O  B R OO
OO OBOOOO
OO   OOOO
OOOOOOOOO

OOOOOOOOO
OO  OOOOO
OO  OOOOO
O       O
O OBBBS O
O  B  ROO
OO OBOOOO
OO   OOOO
OOOOOOOOO

OOOOOOOOO
OO  OOOOO
OO  OOOOO
O       O
O OBBBR O
O  B   OO
OO OBOOOO
OO   OOOO
OOOOOOOOO

OOOOOOOOO
OO  OOOOO
OO  OOOOO
O     R O
O OBBBS O
O  B   OO
OO OBOOOO
OO   OOOO
OOOOOOOOO

OOOOOOOOO
OO  OOOOO
OO  OOOOO
O    R  O
O OBBBS O
O  B   OO
OO OBOOOO
OO   OOOO
OOOOOOOOO

OOOOOOOOO
OO  OOOOO
OO  OOOOO
O   R   O
O OBBBS O
O  B   OO
OO OBOOOO
OO   OOOO
OOOOOOOOO

OOOOOOOOO
OO  OOOOO
OO  OOOOO
O  R    O
O OBBBS O
O  B   OO
OO OBOOOO
OO   OOOO
OOOOOOOOO

OOOOOOOOO
OO  OOOOO
OO  OOOOO
O R     O
O OBBBS O
O  B   OO
OO OBOOOO
OO   OOOO
OOOOOOOOO

OOOOOOOOO
OO  OOOOO
OO  OOOOO
OR      O
O OBBBS O
O  B   OO
OO OBOOOO
OO   OOOO
OOOOOOOOO

OOOOOOOOO
OO  OOOOO
OO  OOOOO
O       O
OROBBBS O
O  B   OO
OO OBOOOO
OO   OOOO
OOOOOOOOO

OOOOOOOOO
OO  OOOOO
OO  OOOOO
O       O
O OBBBS O
OR B   OO
OO OBOOOO
OO   OOOO
OOOOOOOOO

OOOOOOOOO
OO  OOOOO
OO  OOOOO
O       O
O OBBBS O
O RB   OO
OO OBOOOO
OO   OOOO
OOOOOOOOO

OOOOOOOOO
OO  OOOOO
OO  OOOOO
O       O
O OBBBS O
O  B   OO
OOROBOOOO
OO   OOOO
OOOOOOOOO

OOOOOOOOO
OO  OOOOO
OO  OOOOO
O       O
O OBBBS O
O  B   OO
OO OBOOOO
OOR  OOOO
OOOOOOOOO

OOOOOOOOO
OO  OOOOO
OO  OOOOO
O       O
O OBBBS O
O  B   OO
OO OBOOOO
OO R OOOO
OOOOOOOOO

OOOOOOOOO
OO  OOOOO
OO  OOOOO
O       O
O OBBBS O
O  B   OO
OO OBOOOO
OO  ROOOO
OOOOOOOOO

OOOOOOOOO
OO  OOOOO
OO  OOOOO
O       O
O OBBBS O
O  BB  OO
OO OROOOO
OO   OOOO
OOOOOOOOO

OOOOOOOOO
OO  OOOOO
OO  OOOOO
O       O
O OBBBS O
O  BB  OO
OO O OOOO
OO  ROOOO
OOOOOOOOO

OOOOOOOOO
OO  OOOOO
OO  OOOOO
O       O
O OBBBS O
O  BB  OO
OO O OOOO
OO R OOOO
OOOOOOOOO

OOOOOOOOO
OO  OOOOO
OO  OOOOO
O       O
O OBBBS O
O  BB  OO
OO O OOOO
OOR  OOOO
OOOOOOOOO

OOOOOOOOO
OO  OOOOO
OO  OOOOO
O       O
O OBBBS O
O  BB  OO
OORO OOOO
OO   OOOO
OOOOOOOOO

OOOOOOOOO
OO  OOOOO
OO  OOOOO
O       O
O OBBBS O
O RBB  OO
OO O OOOO
OO   OOOO
OOOOOOOOO

OOOOOOOOO
OO  OOOOO
OO  OOOOO
O       O
O OBBBS O
OR BB  OO
OO O OOOO
OO   OOOO
OOOOOOOOO

OOOOOOOOO
OO  OOOOO
OO  OOOOO
O       O
OROBBBS O
O  BB  OO
OO O OOOO
OO   OOOO
OOOOOOOOO

OOOOOOOOO
OO  OOOOO
OO  OOOOO
OR      O
O OBBBS O
O  BB  OO
OO O OOOO
OO   OOOO
OOOOOOOOO

OOOOOOOOO
OO  OOOOO
OO  OOOOO
O R     O
O OBBBS O
O  BB  OO
OO O OOOO
OO   OOOO
OOOOOOOOO

OOOOOOOOO
OO  OOOOO
OO  OOOOO
O  R    O
O OBBBS O
O  BB  OO
OO O OOOO
OO   OOOO
OOOOOOOOO

OOOOOOOOO
OO  OOOOO
OO  OOOOO
O   R   O
O OBBBS O
O  BB  OO
OO O OOOO
OO   OOOO
OOOOOOOOO

OOOOOOOOO
OO  OOOOO
OO  OOOOO
O    R  O
O OBBBS O
O  BB  OO
OO O OOOO
OO   OOOO
OOOOOOOOO

OOOOOOOOO
OO  OOOOO
OO  OOOOO
O     R O
O OBBBS O
O  BB  OO
OO O OOOO
OO   OOOO
OOOOOOOOO

OOOOOOOOO
OO  OOOOO
OO  OOOOO
O       O
O OBBBR O
O  BB  OO
OO O OOOO
OO   OOOO
OOOOOOOOO

OOOOOOOOO
OO  OOOOO
OO  OOOOO
O       O
O OBBBS O
O  BB ROO
OO O OOOO
OO   OOOO
OOOOOOOOO

OOOOOOOOO
OO  OOOOO
OO  OOOOO
O       O
O OBBBS O
O  BBR OO
OO O OOOO
OO   OOOO
OOOOOOOOO

OOOOOOOOO
OO  OOOOO
OO  OOOOO
O       O
O OBBBS O
O  B BROO
OO O OOOO
OO   OOOO
OOOOOOOOO

OOOOOOOOO
OO  OOOOO
OO  OOOOO
O       O
O OBBBR O
O  B B OO
OO O OOOO
OO   OOOO
OOOOOOOOO

OOOOOOOOO
OO  OOOOO
OO  OOOOO
O       O
O OBBSBRO
O  B B OO
OO O OOOO
OO   OOOO
OOOOOOOOO

OOOOOOOOO
OO  OOOOO
OO  OOOOO
O      RO
O OBBSB O
O  B B OO
OO O OOOO
OO   OOOO
OOOOOOOOO

OOOOOOOOO
OO  OOOOO
OO  OOOOO
O     R O
O OBBSB O
O  B B OO
OO O OOOO
OO   OOOO
OOOOOOOOO

OOOOOOOOO
OO  OOOOO
OO  OOOOO
O    R  O
O OBBSB O
O  B B OO
OO O OOOO
OO   OOOO
OOOOOOOOO

OOOOOOOOO
OO  OOOOO
OO  OOOOO
O       O
O OBBRB O
O  B B OO
OO O OOOO
OO   OOOO
OOOOOOOOO

OOOOOOOOO
OO  OOOOO
OO  OOOOO
O    R  O
O OBBBB O
O  B   OO
OO O OOOO
OO   OOOO
OOOOOOOOO

