  OOOOO 
OOO   O 
OSRB  O 
OOO BSO 
OSOOB O 
O O S OO
OBSBBBSO
O   S  O
OOOOOOOO

  OOOOO 
OOO   O 
OS RB O 
OOO BSO 
OSOOB O 
O O S OO
OBSBBBSO
O   S  O
OOOOOOOO

  OOOOO 
OOO   O 
OS  B O 
OOORBSO 
OSOOB O 
O O S OO
OBSBBBSO
O   S  O
OOOOOOOO

  OOOOO 
OOO   O 
OS  B O 
OOO RBO 
OSOOB O 
O O S OO
OBSBBBSO
O   S  O
OOOOOOOO

  OOOOO 
OOO   O 
OS  B O 
OOO  BO 
OSOOR O 
O O B OO
OBSBBBSO
O   S  O
OOOOOOOO

  OOOOO 
OOO   O 
OS  B O 
OOO RBO 
OSOO  O 
O O B OO
OBSBBBSO
O   S  O
OOOOOOOO

  OOOOO 
OOO   O 
OS    O 
OOO BBO 
OSOOR O 
O O B OO
OBSBBBSO
O   S  O
OOOOOOOO

  OOOOO 
OOO   O 
OS    O 
OOO BBO 
OSOO RO 
O O B OO
OBSBBBSO
O   S  O
OOOOOOOO

  OOOOO 
OOO   O 
OS    O 
OOO BBO 
OSOO  O 
O O BROO
OBSBBBSO
O   S  O
OOOOOOOO

  OOOOO 
OOO   O 
OS    O 
OOO BBO 
OSOO  O 
O O B OO
OBSBBRSO
O   SB O
OOOOOOOO

  OOOOO 
OOO   O 
OS    O 
OOO BBO 
OSOO  O 
O O B OO
OBSBB RO
O   SB O
OOOOOOOO

  OOOOO 
OOO   O 
OS    O 
OOO BBO 
OSOO  O 
O O B OO
OBSBB SO
O   SBRO
OOOOOOOO

  OOOOO 
OOO   O 
OS    O 
OOO BBO 
OSOO  O 
O O B OO
OBSBB SO
O   BR O
OOOOOOOO

  OOOOO 
OOO   O 
OS    O 
OOO BBO 
OSOO  O 
O O B OO
OBSBBRSO
O   B  O
OOOOOOOO

  OOOOO 
OOO   O 
OS    O 
OOO BBO 
OSOO  O 
O O B OO
OBSB BRO
O   B  O
OOOOOOOO

  OOOOO 
OOO   O 
OS    O 
OOO BBO 
OSOO  O 
O O B OO
OBSB BSO
O   B RO
OOOOOOOO

  OOOOO 
OOO   O 
OS    O 
OOO BBO 
OSOO  O 
O O B OO
OBSB BSO
O   BR O
OOOOOOOO

  OOOOO 
OOO   O 
OS    O 
OOO BBO 
OSOO  O 
O O BBOO
OBSB RSO
O   B  O
OOOOOOOO

  OOOOO 
OOO   O 
OS    O 
OOO BBO 
OSOO  O 
O O BBOO
OBSBR SO
O   B  O
OOOOOOOO

  OOOOO 
OOO   O 
OS    O 
OOO BBO 
OSOO  O 
O O BBOO
OBBR  SO
O   B  O
OOOOOOOO

  OOOOO 
OOO   O 
OS    O 
OOO BBO 
OSOO  O 
O O BBOO
OBB   SO
O  RB  O
OOOOOOOO

  OOOOO 
OOO   O 
OS    O 
OOO BBO 
OSOO  O 
O O BBOO
OBB   SO
O R B  O
OOOOOOOO

  OOOOO 
OOO   O 
OS    O 
OOO BBO 
OSOO  O 
O O BBOO
OBB   SO
OR  B  O
OOOOOOOO

  OOOOO 
OOO   O 
OS    O 
OOO BBO 
OSOO  O 
OBO BBOO
ORB   SO
O   B  O
OOOOOOOO

  OOOOO 
OOO   O 
OS    O 
OOO BBO 
OBOO  O 
ORO BBOO
O B   SO
O   B  O
OOOOOOOO

  OOOOO 
OOO   O 
OS    O 
OOO BBO 
OBOO  O 
O O BBOO
ORB   SO
O   B  O
OOOOOOOO

  OOOOO 
OOO   O 
OS    O 
OOO BBO 
OBOO  O 
O O BBOO
O B   SO
OR  B  O
OOOOOOOO

  OOOOO 
OOO   O 
OS    O 
OOO BBO 
OBOO  O 
O O BBOO
O B   SO
O R B  O
OOOOOOOO

  OOOOO 
OOO   O 
OS    O 
OOO BBO 
OBOO  O 
O O BBOO
O B   SO
O  RB  O
OOOOOOOO

  OOOOO 
OOO   O 
OS    O 
OOO BBO 
OBOO  O 
O O BBOO
O BR  SO
O   B  O
OOOOOOOO

  OOOOO 
OOO   O 
OS    O 
OOO BBO 
OBOO  O 
O O BBOO
O B R SO
O   B  O
OOOOOOOO

  OOOOO 
OOO   O 
OS    O 
OOO BBO 
OBOO  O 
O O BBOO
O B  RSO
O   B  O
OOOOOOOO

  OOOOO 
OOO   O 
OS    O 
OOO BBO 
OBOO  O 
O O B OO
O B  BSO
O   BR O
OOOOOOOO

  OOOOO 
OOO   O 
OS    O 
OOO BBO 
OBOO  O 
O O B OO
O B  BSO
O   B RO
OOOOOOOO

  OOOOO 
OOO   O 
OS    O 
OOO BBO 
OBOO  O 
O O B OO
O B  BRO
O   B  O
OOOOOOOO

  OOOOO 
OOO   O 
OS    O 
OOO BBO 
OBOO  O 
O O B OO
O B BRSO
O   B  O
OOOOOOOO

  OOOOO 
OOO   O 
OS    O 
OOO BBO 
OBOO  O 
O O BROO
O B B SO
O   B  O
OOOOOOOO

  OOOOO 
OOO   O 
OS    O 
OOO BBO 
OBOO RO 
O O B OO
O B B SO
O   B  O
OOOOOOOO

  OOOOO 
OOO   O 
OS    O 
OOO BBO 
OBOOR O 
O O B OO
O B B SO
O   B  O
OOOOOOOO

  OOOOO 
OOO   O 
OS  B O 
OOO RBO 
OBOO  O 
O O B OO
O B B SO
O   B  O
OOOOOOOO

  OOOOO 
OOO   O 
OS  B O 
OOOR BO 
OBOO  O 
O O B OO
O B B SO
O   B  O
OOOOOOOO

  OOOOO 
OOO   O 
OS RB O 
OOO  BO 
OBOO  O 
O O B OO
O B B SO
O   B  O
OOOOOOOO

  OOOOO 
OOOR  O 
OS  B O 
OOO  BO 
OBOO  O 
O O B OO
O B B SO
O   B  O
OOOOOOOO

  OOOOO 
OOO R O 
OS  B O 
OOO  BO 
OBOO  O 
O O B OO
O B B SO
O   B  O
OOOOOOOO

  OOOOO 
OOO  RO 
OS  B O 
OOO  BO 
OBOO  O 
O O B OO
O B B SO
O   B  O
OOOOOOOO

  OOOOO 
OOO   O 
OS  BRO 
OOO  BO 
OBOO  O 
O O B OO
O B B SO
O   B  O
OOOOOOOO

  OOOOO 
OOO   O 
OS BR O 
OOO  BO 
OBOO  O 
O O B OO
O B B SO
O   B  O
OOOOOOOO

  OOOOO 
OOO   O 
OSBR  O 
OOO  BO 
OBOO  O 
O O B OO
O B B SO
O   B  O
OOOOOOOO

  OOOOO 
OOO   O 
OBR   O 
OOO  BO 
OBOO  O 
O O B OO
O B B SO
O   B  O
OOOOOOOO

  OOOOO 
OOO   O 
OB R  O 
OOO  BO 
OBOO  O 
O O B OO
O B B SO
O   B  O
OOOOOOOO

  OOOOO 
OOO   O 
OB  R O 
OOO  BO 
OBOO  O 
O O B OO
O B B SO
O   B  O
OOOOOOOO

  OOOOO 
OOO   O 
OB    O 
OOO RBO 
OBOO  O 
O O B OO
O B B SO
O   B  O
OOOOOOOO

  OOOOO 
OOO   O 
OB    O 
OOO  BO 
OBOOR O 
O O B OO
O B B SO
O   B  O
OOOOOOOO

  OOOOO 
OOO   O 
OB    O 
OOO  BO 
OBOO RO 
O O B OO
O B B SO
O   B  O
OOOOOOOO

  OOOOO 
OOO   O 
OB    O 
OOO  BO 
OBOO  O 
O O BROO
O B B SO
O   B  O
OOOOOOOO

  OOOOO 
OOO   O 
OB    O 
OOO  BO 
OBOO  O 
O O B OO
O B BRSO
O   B  O
OOOOOOOO

  OOOOO 
OOO   O 
OB    O 
OOO  BO 
OBOO  O 
O O B OO
O B  BRO
O   B  O
OOOOOOOO

  OOOOO 
OOO   O 
OB    O 
OOO  BO 
OBOO  O 
O O B OO
O B  BSO
O   B RO
OOOOOOOO

  OOOOO 
OOO   O 
OB    O 
OOO  BO 
OBOO  O 
O O B OO
O B  BSO
O   BR O
OOOOOOOO

  OOOOO 
OOO   O 
OB    O 
OOO  BO 
OBOO  O 
O O B OO
O B  BSO
O  BR  O
OOOOOOOO

  OOOOO 
OOO   O 
OB    O 
OOO  BO 
OBOO  O 
O O B OO
O B RBSO
O  BS  O
OOOOOOOO

  OOOOO 
OOO   O 
OB    O 
OOO  BO 
OBOO  O 
O O B OO
O B  RBO
O  BS  O
OOOOOOOO

  OOOOO 
OOO   O 
OB    O 
OOO  BO 
OBOO  O 
O O B OO
O B R BO
O  BS  O
OOOOOOOO

  OOOOO 
OOO   O 
OB    O 
OOO  BO 
OBOO  O 
O O B OO
O B   BO
O  BR  O
OOOOOOOO

  OOOOO 
OOO   O 
OB    O 
OOO  BO 
OBOO  O 
O O B OO
O B   BO
O   BR O
OOOOOOOO

