OOOOOOO
OS   SO
O BBB O
O BRB O
OSBBBSO
OSS SSO
OOOOOOO

OOOOOOO
OS   SO
O BBB O
O B RBO
OSBBBSO
OSS SSO
OOOOOOO

OOOOOOO
OS   SO
O BBB O
O B  BO
OSBBRSO
OSS BSO
OOOOOOO

OOOOOOO
OS   SO
O BBB O
O B RBO
OSBB SO
OSS BSO
OOOOOOO

OOOOOOO
OS   SO
O BBB O
O BR BO
OSBB SO
OSS BSO
OOOOOOO

OOOOOOO
OS   SO
O BBB O
OBR  BO
OSBB SO
OSS BSO
OOOOOOO

OOOOOOO
OS   SO
O BBB O
OB   BO
OSRB SO
OSB BSO
OOOOOOO

OOOOOOO
OS   SO
O BBB O
OB   BO
OS RBSO
OSB BSO
OOOOOOO

OOOOOOO
OS   SO
O BBB O
OB   BO
OS  RBO
OSB BSO
OOOOOOO

OOOOOOO
OS   SO
O BBB O
OB   BO
OS R BO
OSB BSO
OOOOOOO

OOOOOOO
OS   SO
O BBB O
OB R BO
OS   BO
OSB BSO
OOOOOOO

OOOOOOO
OS B SO
O BRB O
OB   BO
OS   BO
OSB BSO
OOOOOOO

OOOOOOO
OS B SO
OBR B O
OB   BO
OS   BO
OSB BSO
OOOOOOO

OOOOOOO
OSRB SO
OB  B O
OB   BO
OS   BO
OSB BSO
OOOOOOO

OOOOOOO
OS RBSO
OB  B O
OB   BO
OS   BO
OSB BSO
OOOOOOO

OOOOOOO
OS  RBO
OB  B O
OB   BO
OS   BO
OSB BSO
OOOOOOO

OOOOOOO
OS R BO
OB  B O
OB   BO
OS   BO
OSB BSO
OOOOOOO

OOOOOOO
OS   BO
OB RB O
OB   BO
OS   BO
OSB BSO
OOOOOOO

OOOOOOO
OS   BO
OB  RBO
OB   BO
OS   BO
OSB BSO
OOOOOOO

OOOOOOO
OS   BO
OB R BO
OB   BO
OS   BO
OSB BSO
OOOOOOO

OOOOOOO
OS   BO
OBR  BO
OB   BO
OS   BO
OSB BSO
OOOOOOO

OOOOOOO
OS   BO
OB   BO
OBR  BO
OS   BO
OSB BSO
OOOOOOO

OOOOOOO
OS   BO
OB   BO
O BR BO
OS   BO
OSB BSO
OOOOOOO

OOOOOOO
OS   BO
OB R BO
O B  BO
OS   BO
OSB BSO
OOOOOOO

OOOOOOO
OS   BO
OBR  BO
O B  BO
OS   BO
OSB BSO
OOOOOOO

OOOOOOO
OS   BO
OB   BO
O R  BO
OSB  BO
OSB BSO
OOOOOOO

OOOOOOO
OS   BO
OB   BO
OR   BO
OSB  BO
OSB BSO
OOOOOOO

OOOOOOO
OB   BO
OR   BO
O    BO
OSB  BO
OSB BSO
OOOOOOO

OOOOOOO
OB   BO
O R  BO
O    BO
OSB  BO
OSB BSO
OOOOOOO

OOOOOOO
OB   BO
O  R BO
O    BO
OSB  BO
OSB BSO
OOOOOOO

OOOOOOO
OB   BO
O    BO
O  R BO
OSB  BO
OSB BSO
OOOOOOO

OOOOOOO
OB   BO
O    BO
O    BO
OSBR BO
OSB BSO
OOOOOOO

OOOOOOO
OB   BO
O    BO
O    BO
OBR  BO
OSB BSO
OOOOOOO

OOOOOOO
OB   BO
O    BO
O    BO
OB R BO
OSB BSO
OOOOOOO

OOOOOOO
OB   BO
O    BO
O    BO
OB   BO
OSBRBSO
OOOOOOO

OOOOOOO
OB   BO
O    BO
O    BO
OB   BO
OSB RBO
OOOOOOO

OOOOOOO
OB   BO
O    BO
O    BO
OB  RBO
OSB SBO
OOOOOOO

OOOOOOO
OB   BO
O    BO
O   RBO
OB   BO
OSB SBO
OOOOOOO

OOOOOOO
OB   BO
O    BO
O  RB O
OB   BO
OSB SBO
OOOOOOO

OOOOOOO
OB   BO
O  R BO
O   B O
OB   BO
OSB SBO
OOOOOOO

OOOOOOO
OB   BO
O   RBO
O   B O
OB   BO
OSB SBO
OOOOOOO

OOOOOOO
OB   BO
O    BO
O   R O
OB  BBO
OSB SBO
OOOOOOO

OOOOOOO
OB   BO
O    BO
O     O
OB  RBO
OSB BBO
OOOOOOO

OOOOOOO
OB   BO
O    BO
O     O
OB R BO
OSB BBO
OOOOOOO

OOOOOOO
OB   BO
O    BO
O     O
OB   BO
OSBRBBO
OOOOOOO

OOOOOOO
OB   BO
O    BO
O     O
OB   BO
OBR BBO
OOOOOOO

OOOOOOO
OB   BO
O    BO
O     O
OB   BO
OBSRBBO
OOOOOOO

OOOOOOO
OB   BO
O    BO
O     O
OB R BO
OBS BBO
OOOOOOO

OOOOOOO
OB   BO
O    BO
O     O
OB  RBO
OBS BBO
OOOOOOO

OOOOOOO
OB   BO
O    BO
O   R O
OB   BO
OBS BBO
OOOOOOO

OOOOOOO
OB   BO
O   RBO
O     O
OB   BO
OBS BBO
OOOOOOO

OOOOOOO
OB   BO
O  RB O
O     O
OB   BO
OBS BBO
OOOOOOO

OOOOOOO
OB   BO
O RB  O
O     O
OB   BO
OBS BBO
OOOOOOO

OOOOOOO
OBR  BO
O  B  O
O     O
OB   BO
OBS BBO
OOOOOOO

OOOOOOO
OB R BO
O  B  O
O     O
OB   BO
OBS BBO
OOOOOOO

OOOOOOO
OB   BO
O  R  O
O  B  O
OB   BO
OBS BBO
OOOOOOO

OOOOOOO
OB   BO
O     O
O  R  O
OB B BO
OBS BBO
OOOOOOO

OOOOOOO
OB   BO
O     O
O   R O
OB B BO
OBS BBO
OOOOOOO

OOOOOOO
OB   BO
O     O
O     O
OB BRBO
OBS BBO
OOOOOOO

OOOOOOO
OB   BO
O     O
O     O
OBBR BO
OBS BBO
OOOOOOO

OOOOOOO
OB   BO
O     O
O  R  O
OBB  BO
OBS BBO
OOOOOOO

OOOOOOO
OB   BO
O     O
O R   O
OBB  BO
OBS BBO
OOOOOOO

OOOOOOO
OB   BO
O     O
O     O
OBR  BO
OBB BBO
OOOOOOO

