OOOOOOOOO
OSSS B  O
OS SBB  O
OSSS B  O
O B O OOO
OBBB  OOO
O   OOOOO
O R OOOOO
OOOOOOOOO

OOOOOOOOO
OSSS B  O
OS SBB  O
OSSS B  O
O B O OOO
OBBB  OOO
O   OOOOO
O  ROOOOO
OOOOOOOOO

OOOOOOOOO
OSSS B  O
OS SBB  O
OSSS B  O
O B O OOO
OBBB  OOO
O  ROOOOO
O   OOOOO
OOOOOOOOO

OOOOOOOOO
OSSS B  O
OS SBB  O
OSSS B  O
O BBO OOO
OBBR  OOO
O   OOOOO
O   OOOOO
OOOOOOOOO

OOOOOOOOO
OSSS B  O
OS SBB  O
OSSB B  O
O BRO OOO
OBB   OOO
O   OOOOO
O   OOOOO
OOOOOOOOO

OOOOOOOOO
OSSS B  O
OS SBB  O
OSSB B  O
O B O OOO
OBBR  OOO
O   OOOOO
O   OOOOO
OOOOOOOOO

OOOOOOOOO
OSSS B  O
OS SBB  O
OSSB B  O
O B O OOO
OBB   OOO
O  ROOOOO
O   OOOOO
OOOOOOOOO

OOOOOOOOO
OSSS B  O
OS SBB  O
OSSB B  O
O B O OOO
OBB   OOO
O R OOOOO
O   OOOOO
OOOOOOOOO

OOOOOOOOO
OSSS B  O
OS SBB  O
OSSB B  O
O B O OOO
OBB   OOO
OR  OOOOO
O   OOOOO
OOOOOOOOO

OOOOOOOOO
OSSS B  O
OS SBB  O
OSSB B  O
OBB O OOO
ORB   OOO
O   OOOOO
O   OOOOO
OOOOOOOOO

OOOOOOOOO
OSSS B  O
OS SBB  O
OBSB B  O
ORB O OOO
O B   OOO
O   OOOOO
O   OOOOO
OOOOOOOOO

OOOOOOOOO
OSSS B  O
OS SBB  O
OBSB B  O
O B O OOO
ORB   OOO
O   OOOOO
O   OOOOO
OOOOOOOOO

OOOOOOOOO
OSSS B  O
OS SBB  O
OBSB B  O
O B O OOO
O B   OOO
OR  OOOOO
O   OOOOO
OOOOOOOOO

OOOOOOOOO
OSSS B  O
OS SBB  O
OBSB B  O
O B O OOO
O B   OOO
O R OOOOO
O   OOOOO
OOOOOOOOO

OOOOOOOOO
OSSS B  O
OS SBB  O
OBSB B  O
O B O OOO
O B   OOO
O  ROOOOO
O   OOOOO
OOOOOOOOO

OOOOOOOOO
OSSS B  O
OS SBB  O
OBSB B  O
O B O OOO
O BR  OOO
O   OOOOO
O   OOOOO
OOOOOOOOO

OOOOOOOOO
OSSS B  O
OS SBB  O
OBSB B  O
O B O OOO
OBR   OOO
O   OOOOO
O   OOOOO
OOOOOOOOO

OOOOOOOOO
OSSS B  O
OS SBB  O
OBBB B  O
O R O OOO
OB    OOO
O   OOOOO
O   OOOOO
OOOOOOOOO

OOOOOOOOO
OSSS B  O
OS SBB  O
OBBB B  O
OR  O OOO
OB    OOO
O   OOOOO
O   OOOOO
OOOOOOOOO

OOOOOOOOO
OSSS B  O
OB SBB  O
ORBB B  O
O   O OOO
OB    OOO
O   OOOOO
O   OOOOO
OOOOOOOOO

OOOOOOOOO
OSSS B  O
OB SBB  O
OSBB B  O
OR  O OOO
OB    OOO
O   OOOOO
O   OOOOO
OOOOOOOOO

OOOOOOOOO
OSSS B  O
OB SBB  O
OSBB B  O
O R O OOO
OB    OOO
O   OOOOO
O   OOOOO
OOOOOOOOO

OOOOOOOOO
OSSS B  O
OB SBB  O
OSBB B  O
O   O OOO
OBR   OOO
O   OOOOO
O   OOOOO
OOOOOOOOO

OOOOOOOOO
OSSS B  O
OB SBB  O
OSBB B  O
O   O OOO
OB    OOO
O R OOOOO
O   OOOOO
OOOOOOOOO

OOOOOOOOO
OSSS B  O
OB SBB  O
OSBB B  O
O   O OOO
OB    OOO
OR  OOOOO
O   OOOOO
OOOOOOOOO

OOOOOOOOO
OSSS B  O
OB SBB  O
OSBB B  O
OB  O OOO
OR    OOO
O   OOOOO
O   OOOOO
OOOOOOOOO

OOOOOOOOO
OSSS B  O
OB SBB  O
OBBB B  O
OR  O OOO
O     OOO
O   OOOOO
O   OOOOO
OOOOOOOOO

OOOOOOOOO
OSSS B  O
OB SBB  O
OBBB B  O
O R O OOO
O     OOO
O   OOOOO
O   OOOOO
OOOOOOOOO

OOOOOOOOO
OSSS B  O
OB SBB  O
OBBB B  O
O  RO OOO
O     OOO
O   OOOOO
O   OOOOO
OOOOOOOOO

OOOOOOOOO
OSSS B  O
OB BBB  O
OBBR B  O
O   O OOO
O     OOO
O   OOOOO
O   OOOOO
OOOOOOOOO

OOOOOOOOO
OSSS B  O
OB BBB  O
OBBSRB  O
O   O OOO
O     OOO
O   OOOOO
O   OOOOO
OOOOOOOOO

OOOOOOOOO
OSSS B  O
OB BBB  O
OBBRB   O
O   O OOO
O     OOO
O   OOOOO
O   OOOOO
OOOOOOOOO

OOOOOOOOO
OSSS B  O
OB BBB  O
OBBSB   O
O  RO OOO
O     OOO
O   OOOOO
O   OOOOO
OOOOOOOOO

OOOOOOOOO
OSSS B  O
OB BBB  O
OBBSB   O
O   O OOO
O  R  OOO
O   OOOOO
O   OOOOO
OOOOOOOOO

OOOOOOOOO
OSSS B  O
OB BBB  O
OBBSB   O
O   O OOO
O   R OOO
O   OOOOO
O   OOOOO
OOOOOOOOO

OOOOOOOOO
OSSS B  O
OB BBB  O
OBBSB   O
O   O OOO
O    ROOO
O   OOOOO
O   OOOOO
OOOOOOOOO

OOOOOOOOO
OSSS B  O
OB BBB  O
OBBSB   O
O   OROOO
O     OOO
O   OOOOO
O   OOOOO
OOOOOOOOO

OOOOOOOOO
OSSS B  O
OB BBB  O
OBBSBR  O
O   O OOO
O     OOO
O   OOOOO
O   OOOOO
OOOOOOOOO

OOOOOOOOO
OSSS B  O
OB BBB  O
OBBBR   O
O   O OOO
O     OOO
O   OOOOO
O   OOOOO
OOOOOOOOO

OOOOOOOOO
OSSS B  O
OB BBB  O
OBBB R  O
O   O OOO
O     OOO
O   OOOOO
O   OOOOO
OOOOOOOOO

OOOOOOOOO
OSSS B  O
OB BBB  O
OBBB  R O
O   O OOO
O     OOO
O   OOOOO
O   OOOOO
OOOOOOOOO

OOOOOOOOO
OSSS B  O
OB BBBR O
OBBB    O
O   O OOO
O     OOO
O   OOOOO
O   OOOOO
OOOOOOOOO

OOOOOOOOO
OSSS BR O
OB BBB  O
OBBB    O
O   O OOO
O     OOO
O   OOOOO
O   OOOOO
OOOOOOOOO

OOOOOOOOO
OSSSBR  O
OB BBB  O
OBBB    O
O   O OOO
O     OOO
O   OOOOO
O   OOOOO
OOOOOOOOO

OOOOOOOOO
OSSBR   O
OB BBB  O
OBBB    O
O   O OOO
O     OOO
O   OOOOO
O   OOOOO
OOOOOOOOO

OOOOOOOOO
OSBR    O
OB BBB  O
OBBB    O
O   O OOO
O     OOO
O   OOOOO
O   OOOOO
OOOOOOOOO

OOOOOOOOO
OBRS    O
OB BBB  O
OBBB    O
O   O OOO
O     OOO
O   OOOOO
O   OOOOO
OOOOOOOOO

OOOOOOOOO
OBSR    O
OB BBB  O
OBBB    O
O   O OOO
O     OOO
O   OOOOO
O   OOOOO
OOOOOOOOO

OOOOOOOOO
OBSSR   O
OB BBB  O
OBBB    O
O   O OOO
O     OOO
O   OOOOO
O   OOOOO
OOOOOOOOO

OOOOOOOOO
OBSS R  O
OB BBB  O
OBBB    O
O   O OOO
O     OOO
O   OOOOO
O   OOOOO
OOOOOOOOO

OOOOOOOOO
OBSS  R O
OB BBB  O
OBBB    O
O   O OOO
O     OOO
O   OOOOO
O   OOOOO
OOOOOOOOO

OOOOOOOOO
OBSS    O
OB BBBR O
OBBB    O
O   O OOO
O     OOO
O   OOOOO
O   OOOOO
OOOOOOOOO

OOOOOOOOO
OBSS    O
OB BBB  O
OBBB  R O
O   O OOO
O     OOO
O   OOOOO
O   OOOOO
OOOOOOOOO

OOOOOOOOO
OBSS    O
OB BBB  O
OBBB R  O
O   O OOO
O     OOO
O   OOOOO
O   OOOOO
OOOOOOOOO

OOOOOOOOO
OBSS    O
OB BBB  O
OBBBR   O
O   O OOO
O     OOO
O   OOOOO
O   OOOOO
OOOOOOOOO

OOOOOOOOO
OBSSB   O
OB BRB  O
OBBB    O
O   O OOO
O     OOO
O   OOOOO
O   OOOOO
OOOOOOOOO

OOOOOOOOO
OBSSB   O
OB B B  O
OBBBR   O
O   O OOO
O     OOO
O   OOOOO
O   OOOOO
OOOOOOOOO

OOOOOOOOO
OBSSB   O
OB B B  O
OBBB R  O
O   O OOO
O     OOO
O   OOOOO
O   OOOOO
OOOOOOOOO

OOOOOOOOO
OBSSB   O
OB B B  O
OBBB  R O
O   O OOO
O     OOO
O   OOOOO
O   OOOOO
OOOOOOOOO

OOOOOOOOO
OBSSB   O
OB B BR O
OBBB    O
O   O OOO
O     OOO
O   OOOOO
O   OOOOO
OOOOOOOOO

OOOOOOOOO
OBSSB R O
OB B B  O
OBBB    O
O   O OOO
O     OOO
O   OOOOO
O   OOOOO
OOOOOOOOO

OOOOOOOOO
OBSSBR  O
OB B B  O
OBBB    O
O   O OOO
O     OOO
O   OOOOO
O   OOOOO
OOOOOOOOO

OOOOOOOOO
OBSBR   O
OB B B  O
OBBB    O
O   O OOO
O     OOO
O   OOOOO
O   OOOOO
OOOOOOOOO

OOOOOOOOO
OBBR    O
OB B B  O
OBBB    O
O   O OOO
O     OOO
O   OOOOO
O   OOOOO
OOOOOOOOO

OOOOOOOOO
OBBSR   O
OB B B  O
OBBB    O
O   O OOO
O     OOO
O   OOOOO
O   OOOOO
OOOOOOOOO

OOOOOOOOO
OBBS    O
OB BRB  O
OBBB    O
O   O OOO
O     OOO
O   OOOOO
O   OOOOO
OOOOOOOOO

OOOOOOOOO
OBBS    O
OB B B  O
OBBBR   O
O   O OOO
O     OOO
O   OOOOO
O   OOOOO
OOOOOOOOO

OOOOOOOOO
OBBS    O
OB B B  O
OBBB R  O
O   O OOO
O     OOO
O   OOOOO
O   OOOOO
OOOOOOOOO

OOOOOOOOO
OBBS B  O
OB B R  O
OBBB    O
O   O OOO
O     OOO
O   OOOOO
O   OOOOO
OOOOOOOOO

OOOOOOOOO
OBBS B  O
OB B  R O
OBBB    O
O   O OOO
O     OOO
O   OOOOO
O   OOOOO
OOOOOOOOO

OOOOOOOOO
OBBS BR O
OB B    O
OBBB    O
O   O OOO
O     OOO
O   OOOOO
O   OOOOO
OOOOOOOOO

OOOOOOOOO
OBBSBR  O
OB B    O
OBBB    O
O   O OOO
O     OOO
O   OOOOO
O   OOOOO
OOOOOOOOO

OOOOOOOOO
OBBBR   O
OB B    O
OBBB    O
O   O OOO
O     OOO
O   OOOOO
O   OOOOO
OOOOOOOOO

