OOOOOO
O BR O
O BO O
OO   O
OOSS O
OOOOOO

OOOOOO
OBR  O
O BO O
OO   O
OOSS O
OOOOOO

OOOOOO
OB   O
O RO O
OOB  O
OOSS O
OOOOOO

OOOOOO
OBR  O
O  O O
OOB  O
OOSS O
OOOOOO

OOOOOO
O BR O
O  O O
OOB  O
OOSS O
OOOOOO

OOOOOO
O  BRO
O  O O
OOB  O
OOSS O
OOOOOO

OOOOOO
O  B O
O  ORO
OOB  O
OOSS O
OOOOOO

OOOOOO
O  B O
O  O O
OOB RO
OOSS O
OOOOOO

OOOOOO
O  B O
O  O O
OOBR O
OOSS O
OOOOOO

OOOOOO
O  B O
O  O O
OO BRO
OOSS O
OOOOOO

OOOOOO
O  B O
O  ORO
OO B O
OOSS O
OOOOOO

OOOOOO
O  BRO
O  O O
OO B O
OOSS O
OOOOOO

OOOOOO
O BR O
O  O O
OO B O
OOSS O
OOOOOO

OOOOOO
OBR  O
O  O O
OO B O
OOSS O
OOOOOO

OOOOOO
OB   O
O RO O
OO B O
OOSS O
OOOOOO

OOOOOO
OB   O
O  O O
OORB O
OOSS O
OOOOOO

OOOOOO
OB   O
O  O O
OO B O
OORS O
OOOOOO

OOOOOO
OB   O
O  O O
OO B O
OOSR O
OOOOOO

OOOOOO
OB   O
O  O O
OO B O
OOSSRO
OOOOOO

OOOOOO
OB   O
O  O O
OO BRO
OOSS O
OOOOOO

OOOOOO
OB   O
O  O O
OOBR O
OOSS O
OOOOOO

OOOOOO
OB   O
O  O O
OOB  O
OOSR O
OOOOOO

OOOOOO
OB   O
O  O O
OOB  O
OORS O
OOOOOO

OOOOOO
OB   O
O BO O
OOR  O
OOSS O
OOOOOO

OOOOOO
OBB  O
O RO O
OO   O
OOSS O
OOOOOO

OOOOOO
OBB  O
O  O O
OOR  O
OOSS O
OOOOOO

OOOOOO
OBB  O
O  O O
OO   O
OORS O
OOOOOO

OOOOOO
OBB  O
O  O O
OO   O
OOSR O
OOOOOO

OOOOOO
OBB  O
O  O O
OO R O
OOSS O
OOOOOO

OOOOOO
OBB  O
O  O O
OO  RO
OOSS O
OOOOOO

OOOOOO
OBB  O
O  ORO
OO   O
OOSS O
OOOOOO

OOOOOO
OBB RO
O  O O
OO   O
OOSS O
OOOOOO

OOOOOO
OBBR O
O  O O
OO   O
OOSS O
OOOOOO

OOOOOO
OB BRO
O  O O
OO   O
OOSS O
OOOOOO

OOOOOO
OB B O
O  ORO
OO   O
OOSS O
OOOOOO

OOOOOO
OB B O
O  O O
OO  RO
OOSS O
OOOOOO

OOOOOO
OB B O
O  O O
OO R O
OOSS O
OOOOOO

OOOOOO
OB B O
O  O O
OOR  O
OOSS O
OOOOOO

OOOOOO
OB B O
O RO O
OO   O
OOSS O
OOOOOO

OOOOOO
OBRB O
O  O O
OO   O
OOSS O
OOOOOO

OOOOOO
OB RBO
O  O O
OO   O
OOSS O
OOOOOO

OOOOOO
OBR BO
O  O O
OO   O
OOSS O
OOOOOO

OOOOOO
OB  BO
O RO O
OO   O
OOSS O
OOOOOO

OOOOOO
OB  BO
O  O O
OOR  O
OOSS O
OOOOOO

OOOOOO
OB  BO
O  O O
OO   O
OORS O
OOOOOO

OOOOOO
OB  BO
O  O O
OO   O
OOSR O
OOOOOO

OOOOOO
OB  BO
O  O O
OO R O
OOSS O
OOOOOO

OOOOOO
OB  BO
O  O O
OO  RO
OOSS O
OOOOOO

OOOOOO
OB  BO
O  ORO
OO   O
OOSS O
OOOOOO

OOOOOO
OB   O
O  OBO
OO  RO
OOSS O
OOOOOO

OOOOOO
OB   O
O  OBO
OO R O
OOSS O
OOOOOO

OOOOOO
OB   O
O  OBO
OOR  O
OOSS O
OOOOOO

OOOOOO
OB   O
O ROBO
OO   O
OOSS O
OOOOOO

OOOOOO
OBR  O
O  OBO
OO   O
OOSS O
OOOOOO

OOOOOO
O BR O
O  OBO
OO   O
OOSS O
OOOOOO

OOOOOO
O  BRO
O  OBO
OO   O
OOSS O
OOOOOO

OOOOOO
O  B O
O  ORO
OO  BO
OOSS O
OOOOOO

OOOOOO
O  BRO
O  O O
OO  BO
OOSS O
OOOOOO

OOOOOO
O BR O
O  O O
OO  BO
OOSS O
OOOOOO

OOOOOO
OBR  O
O  O O
OO  BO
OOSS O
OOOOOO

OOOOOO
OB R O
O  O O
OO  BO
OOSS O
OOOOOO

OOOOOO
OB  RO
O  O O
OO  BO
OOSS O
OOOOOO

OOOOOO
OB   O
O  ORO
OO  BO
OOSS O
OOOOOO

OOOOOO
OB   O
O  O O
OO  RO
OOSSBO
OOOOOO

OOOOOO
OB   O
O  ORO
OO   O
OOSSBO
OOOOOO

OOOOOO
OB  RO
O  O O
OO   O
OOSSBO
OOOOOO

OOOOOO
OB R O
O  O O
OO   O
OOSSBO
OOOOOO

OOOOOO
OBR  O
O  O O
OO   O
OOSSBO
OOOOOO

OOOOOO
OB   O
O RO O
OO   O
OOSSBO
OOOOOO

OOOOOO
OB   O
O  O O
OOR  O
OOSSBO
OOOOOO

OOOOOO
OB   O
O  O O
OO   O
OORSBO
OOOOOO

OOOOOO
OB   O
O  O O
OO   O
OOSRBO
OOOOOO

OOOOOO
OB   O
O  O O
OO   O
OORB O
OOOOOO

OOOOOO
OB   O
O  O O
OOR  O
OOSB O
OOOOOO

OOOOOO
OB   O
O RO O
OO   O
OOSB O
OOOOOO

OOOOOO
OBR  O
O  O O
OO   O
OOSB O
OOOOOO

OOOOOO
O BR O
O  O O
OO   O
OOSB O
OOOOOO

OOOOOO
O  BRO
O  O O
OO   O
OOSB O
OOOOOO

OOOOOO
O  B O
O  ORO
OO   O
OOSB O
OOOOOO

OOOOOO
O  B O
O  O O
OO  RO
OOSB O
OOOOOO

OOOOOO
O  B O
O  O O
OO R O
OOSB O
OOOOOO

OOOOOO
O  B O
O  O O
OOR  O
OOSB O
OOOOOO

OOOOOO
O  B O
O RO O
OO   O
OOSB O
OOOOOO

OOOOOO
O RB O
O  O O
OO   O
OOSB O
OOOOOO

OOOOOO
ORB  O
O  O O
OO   O
OOSB O
OOOOOO

OOOOOO
O B  O
OR O O
OO   O
OOSB O
OOOOOO

OOOOOO
O B  O
O RO O
OO   O
OOSB O
OOOOOO

OOOOOO
O    O
O BO O
OOR  O
OOSB O
OOOOOO

OOOOOO
O    O
O  O O
OOB  O
OORB O
OOOOOO

OOOOOO
O    O
O  O O
OOB  O
OOSRBO
OOOOOO

OOOOOO
O    O
O  O O
OOBR O
OOSSBO
OOOOOO

OOOOOO
O    O
O  O O
OO BRO
OOSSBO
OOOOOO

OOOOOO
O    O
O  ORO
OO BBO
OOSS O
OOOOOO

OOOOOO
O   RO
O  OBO
OO B O
OOSS O
OOOOOO

OOOOOO
O  R O
O  OBO
OO B O
OOSS O
OOOOOO

OOOOOO
O R  O
O  OBO
OO B O
OOSS O
OOOOOO

OOOOOO
OR   O
O  OBO
OO B O
OOSS O
OOOOOO

OOOOOO
O    O
OR OBO
OO B O
OOSS O
OOOOOO

OOOOOO
O    O
O ROBO
OO B O
OOSS O
OOOOOO

OOOOOO
O    O
O  OBO
OORB O
OOSS O
OOOOOO

OOOOOO
O    O
O  OBO
OO B O
OORS O
OOOOOO

OOOOOO
O    O
O  OBO
OO B O
OOSR O
OOOOOO

OOOOOO
O    O
O  OBO
OO B O
OOSSRO
OOOOOO

OOOOOO
O    O
O  OBO
OO BRO
OOSS O
OOOOOO

OOOOOO
O   BO
O  ORO
OO B O
OOSS O
OOOOOO

OOOOOO
O   BO
O  O O
OO BRO
OOSS O
OOOOOO

OOOOOO
O   BO
O  O O
OOBR O
OOSS O
OOOOOO

OOOOOO
O   BO
O  O O
OOB  O
OOSR O
OOOOOO

OOOOOO
O   BO
O  O O
OOB  O
OORS O
OOOOOO

OOOOOO
O   BO
O BO O
OOR  O
OOSS O
OOOOOO

OOOOOO
O B BO
O RO O
OO   O
OOSS O
OOOOOO

OOOOOO
O B BO
OR O O
OO   O
OOSS O
OOOOOO

OOOOOO
ORB BO
O  O O
OO   O
OOSS O
OOOOOO

OOOOOO
O RBBO
O  O O
OO   O
OOSS O
OOOOOO

OOOOOO
OR BBO
O  O O
OO   O
OOSS O
OOOOOO

OOOOOO
O  BBO
OR O O
OO   O
OOSS O
OOOOOO

OOOOOO
O  BBO
O RO O
OO   O
OOSS O
OOOOOO

OOOOOO
O  BBO
O  O O
OOR  O
OOSS O
OOOOOO

OOOOOO
O  BBO
O  O O
OO   O
OORS O
OOOOOO

OOOOOO
O  BBO
O  O O
OO   O
OOSR O
OOOOOO

OOOOOO
O  BBO
O  O O
OO R O
OOSS O
OOOOOO

OOOOOO
O  BBO
O  O O
OO  RO
OOSS O
OOOOOO

OOOOOO
O  BBO
O  ORO
OO   O
OOSS O
OOOOOO

OOOOOO
O  B O
O  OBO
OO  RO
OOSS O
OOOOOO

OOOOOO
O  B O
O  OBO
OO R O
OOSS O
OOOOOO

OOOOOO
O  B O
O  OBO
OOR  O
OOSS O
OOOOOO

OOOOOO
O  B O
O ROBO
OO   O
OOSS O
OOOOOO

OOOOOO
O RB O
O  OBO
OO   O
OOSS O
OOOOOO

OOOOOO
ORB  O
O  OBO
OO   O
OOSS O
OOOOOO

OOOOOO
O B  O
OR OBO
OO   O
OOSS O
OOOOOO

OOOOOO
O B  O
O ROBO
OO   O
OOSS O
OOOOOO

OOOOOO
O    O
O BOBO
OOR  O
OOSS O
OOOOOO

OOOOOO
O    O
O  OBO
OOB  O
OORS O
OOOOOO

OOOOOO
O    O
O  OBO
OOB  O
OOSR O
OOOOOO

OOOOOO
O    O
O  OBO
OOBR O
OOSS O
OOOOOO

OOOOOO
O    O
O  OBO
OOB RO
OOSS O
OOOOOO

OOOOOO
O    O
O  O O
OOB BO
OOSSRO
OOOOOO

OOOOOO
O    O
O  O O
OOB BO
OOSR O
OOOOOO

OOOOOO
O    O
O  O O
OOB BO
OORS O
OOOOOO

OOOOOO
O    O
O BO O
OOR BO
OOSS O
OOOOOO

OOOOOO
O B  O
O RO O
OO  BO
OOSS O
OOOOOO

OOOOOO
O B  O
OR O O
OO  BO
OOSS O
OOOOOO

OOOOOO
ORB  O
O  O O
OO  BO
OOSS O
OOOOOO

OOOOOO
O RB O
O  O O
OO  BO
OOSS O
OOOOOO

OOOOOO
OR B O
O  O O
OO  BO
OOSS O
OOOOOO

OOOOOO
O  B O
OR O O
OO  BO
OOSS O
OOOOOO

OOOOOO
O  B O
O RO O
OO  BO
OOSS O
OOOOOO

OOOOOO
O  B O
O  O O
OOR BO
OOSS O
OOOOOO

OOOOOO
O  B O
O  O O
OO  BO
OORS O
OOOOOO

OOOOOO
O  B O
O  O O
OO  BO
OOSR O
OOOOOO

OOOOOO
O  B O
O  O O
OO RBO
OOSS O
OOOOOO

OOOOOO
O  B O
O  O O
OORB O
OOSS O
OOOOOO

OOOOOO
O  B O
O RO O
OO B O
OOSS O
OOOOOO

OOOOOO
O RB O
O  O O
OO B O
OOSS O
OOOOOO

OOOOOO
ORB  O
O  O O
OO B O
OOSS O
OOOOOO

OOOOOO
O B  O
OR O O
OO B O
OOSS O
OOOOOO

OOOOOO
O B  O
O RO O
OO B O
OOSS O
OOOOOO

OOOOOO
O    O
O BO O
OORB O
OOSS O
OOOOOO

OOOOOO
O    O
O  O O
OOBB O
OORS O
OOOOOO

OOOOOO
O    O
O  O O
OOBB O
OOSR O
OOOOOO

OOOOOO
O    O
O  O O
OOBB O
OOSSRO
OOOOOO

OOOOOO
O    O
O  O O
OOBBRO
OOSS O
OOOOOO

OOOOOO
O    O
O  ORO
OOBB O
OOSS O
OOOOOO

OOOOOO
O   RO
O  O O
OOBB O
OOSS O
OOOOOO

OOOOOO
O  R O
O  O O
OOBB O
OOSS O
OOOOOO

OOOOOO
O R  O
O  O O
OOBB O
OOSS O
OOOOOO

OOOOOO
OR   O
O  O O
OOBB O
OOSS O
OOOOOO

OOOOOO
O    O
OR O O
OOBB O
OOSS O
OOOOOO

OOOOOO
O    O
O RO O
OOBB O
OOSS O
OOOOOO

OOOOOO
O    O
O  O O
OORB O
OOBS O
OOOOOO

OOOOOO
O    O
O RO O
OO B O
OOBS O
OOOOOO

OOOOOO
O R  O
O  O O
OO B O
OOBS O
OOOOOO

OOOOOO
O  R O
O  O O
OO B O
OOBS O
OOOOOO

OOOOOO
O   RO
O  O O
OO B O
OOBS O
OOOOOO

OOOOOO
O    O
O  ORO
OO B O
OOBS O
OOOOOO

OOOOOO
O    O
O  O O
OO BRO
OOBS O
OOOOOO

OOOOOO
O    O
O  O O
OOBR O
OOBS O
OOOOOO

OOOOOO
O    O
O  O O
OOB  O
OOBR O
OOOOOO

OOOOOO
O    O
O  O O
OOB  O
OOSBRO
OOOOOO

OOOOOO
O    O
O  O O
OOB RO
OOSB O
OOOOOO

OOOOOO
O    O
O  ORO
OOB  O
OOSB O
OOOOOO

OOOOOO
O   RO
O  O O
OOB  O
OOSB O
OOOOOO

OOOOOO
O  R O
O  O O
OOB  O
OOSB O
OOOOOO

OOOOOO
O R  O
O  O O
OOB  O
OOSB O
OOOOOO

OOOOOO
OR   O
O  O O
OOB  O
OOSB O
OOOOOO

OOOOOO
O    O
OR O O
OOB  O
OOSB O
OOOOOO

OOOOOO
O    O
O RO O
OOB  O
OOSB O
OOOOOO

OOOOOO
O R  O
O BO O
OO   O
OOSB O
OOOOOO

OOOOOO
O  R O
O BO O
OO   O
OOSB O
OOOOOO

OOOOOO
O   RO
O BO O
OO   O
OOSB O
OOOOOO

OOOOOO
O    O
O BORO
OO   O
OOSB O
OOOOOO

OOOOOO
O    O
O BO O
OO  RO
OOSB O
OOOOOO

OOOOOO
O    O
O BO O
OO R O
OOSB O
OOOOOO

OOOOOO
O    O
O BO O
OOR  O
OOSB O
OOOOOO

OOOOOO
O B  O
O RO O
OO   O
OOSB O
OOOOOO

OOOOOO
O B  O
OR O O
OO   O
OOSB O
OOOOOO

OOOOOO
ORB  O
O  O O
OO   O
OOSB O
OOOOOO

OOOOOO
O RB O
O  O O
OO   O
OOSB O
OOOOOO

OOOOOO
OR B O
O  O O
OO   O
OOSB O
OOOOOO

OOOOOO
O  B O
OR O O
OO   O
OOSB O
OOOOOO

OOOOOO
O  B O
O RO O
OO   O
OOSB O
OOOOOO

OOOOOO
O  B O
O  O O
OOR  O
OOSB O
OOOOOO

OOOOOO
O  B O
O  O O
OO   O
OORB O
OOOOOO

OOOOOO
O  B O
O  O O
OO   O
OOSRBO
OOOOOO

OOOOOO
O  B O
O  O O
OO R O
OOSSBO
OOOOOO

OOOOOO
O  B O
O  O O
OOR  O
OOSSBO
OOOOOO

OOOOOO
O  B O
O RO O
OO   O
OOSSBO
OOOOOO

OOOOOO
O RB O
O  O O
OO   O
OOSSBO
OOOOOO

OOOOOO
ORB  O
O  O O
OO   O
OOSSBO
OOOOOO

OOOOOO
O B  O
OR O O
OO   O
OOSSBO
OOOOOO

OOOOOO
O B  O
O RO O
OO   O
OOSSBO
OOOOOO

OOOOOO
O    O
O BO O
OOR  O
OOSSBO
OOOOOO

OOOOOO
O    O
O  O O
OOB  O
OORSBO
OOOOOO

OOOOOO
O    O
O  O O
OOB  O
OOSRBO
OOOOOO

OOOOOO
O    O
O  O O
OOBR O
OOSSBO
OOOOOO

OOOOOO
O    O
O  O O
OO BRO
OOSSBO
OOOOOO

OOOOOO
O    O
O  ORO
OO BBO
OOSS O
OOOOOO

OOOOOO
O   RO
O  OBO
OO B O
OOSS O
OOOOOO

OOOOOO
O  R O
O  OBO
OO B O
OOSS O
OOOOOO

OOOOOO
O R  O
O  OBO
OO B O
OOSS O
OOOOOO

OOOOOO
OR   O
O  OBO
OO B O
OOSS O
OOOOOO

OOOOOO
O    O
OR OBO
OO B O
OOSS O
OOOOOO

OOOOOO
O    O
O ROBO
OO B O
OOSS O
OOOOOO

OOOOOO
O    O
O  OBO
OORB O
OOSS O
OOOOOO

OOOOOO
O    O
O  OBO
OO B O
OORS O
OOOOOO

OOOOOO
O    O
O  OBO
OO B O
OOSR O
OOOOOO

OOOOOO
O    O
O  OBO
OO B O
OOSSRO
OOOOOO

OOOOOO
O    O
O  OBO
OO BRO
OOSS O
OOOOOO

OOOOOO
O   BO
O  ORO
OO B O
OOSS O
OOOOOO

OOOOOO
O   BO
O  O O
OO BRO
OOSS O
OOOOOO

OOOOOO
O   BO
O  O O
OOBR O
OOSS O
OOOOOO

OOOOOO
O   BO
O  O O
OOB  O
OOSR O
OOOOOO

OOOOOO
O   BO
O  O O
OOB  O
OORS O
OOOOOO

OOOOOO
O   BO
O BO O
OOR  O
OOSS O
OOOOOO

OOOOOO
O B BO
O RO O
OO   O
OOSS O
OOOOOO

OOOOOO
O B BO
OR O O
OO   O
OOSS O
OOOOOO

OOOOOO
ORB BO
O  O O
OO   O
OOSS O
OOOOOO

OOOOOO
O RBBO
O  O O
OO   O
OOSS O
OOOOOO

OOOOOO
OR BBO
O  O O
OO   O
OOSS O
OOOOOO

OOOOOO
O  BBO
OR O O
OO   O
OOSS O
OOOOOO

OOOOOO
O  BBO
O RO O
OO   O
OOSS O
OOOOOO

OOOOOO
O  BBO
O  O O
OOR  O
OOSS O
OOOOOO

OOOOOO
O  BBO
O  O O
OO   O
OORS O
OOOOOO

OOOOOO
O  BBO
O  O O
OO   O
OOSR O
OOOOOO

OOOOOO
O  BBO
O  O O
OO R O
OOSS O
OOOOOO

OOOOOO
O  BBO
O  O O
OO  RO
OOSS O
OOOOOO

OOOOOO
O  BBO
O  ORO
OO   O
OOSS O
OOOOOO

OOOOOO
O  B O
O  OBO
OO  RO
OOSS O
OOOOOO

OOOOOO
O  B O
O  OBO
OO R O
OOSS O
OOOOOO

OOOOOO
O  B O
O  OBO
OOR  O
OOSS O
OOOOOO

OOOOOO
O  B O
O ROBO
OO   O
OOSS O
OOOOOO

OOOOOO
O RB O
O  OBO
OO   O
OOSS O
OOOOOO

OOOOOO
ORB  O
O  OBO
OO   O
OOSS O
OOOOOO

OOOOOO
O B  O
OR OBO
OO   O
OOSS O
OOOOOO

OOOOOO
O B  O
O ROBO
OO   O
OOSS O
OOOOOO

OOOOOO
O    O
O BOBO
OOR  O
OOSS O
OOOOOO

OOOOOO
O    O
O  OBO
OOB  O
OORS O
OOOOOO

OOOOOO
O    O
O  OBO
OOB  O
OOSR O
OOOOOO

OOOOOO
O    O
O  OBO
OOBR O
OOSS O
OOOOOO

OOOOOO
O    O
O  OBO
OOB RO
OOSS O
OOOOOO

OOOOOO
O    O
O  O O
OOB BO
OOSSRO
OOOOOO

OOOOOO
O    O
O  O O
OOB BO
OOSR O
OOOOOO

OOOOOO
O    O
O  O O
OOB BO
OORS O
OOOOOO

OOOOOO
O    O
O BO O
OOR BO
OOSS O
OOOOOO

OOOOOO
O B  O
O RO O
OO  BO
OOSS O
OOOOOO

OOOOOO
O B  O
OR O O
OO  BO
OOSS O
OOOOOO

OOOOOO
ORB  O
O  O O
OO  BO
OOSS O
OOOOOO

OOOOOO
O RB O
O  O O
OO  BO
OOSS O
OOOOOO

OOOOOO
OR B O
O  O O
OO  BO
OOSS O
OOOOOO

OOOOOO
O  B O
OR O O
OO  BO
OOSS O
OOOOOO

OOOOOO
O  B O
O RO O
OO  BO
OOSS O
OOOOOO

OOOOOO
O  B O
O  O O
OOR BO
OOSS O
OOOOOO

OOOOOO
O  B O
O  O O
OO  BO
OORS O
OOOOOO

OOOOOO
O  B O
O  O O
OO  BO
OOSR O
OOOOOO

OOOOOO
O  B O
O  O O
OO RBO
OOSS O
OOOOOO

OOOOOO
O  B O
O  O O
OORB O
OOSS O
OOOOOO

OOOOOO
O  B O
O RO O
OO B O
OOSS O
OOOOOO

OOOOOO
O RB O
O  O O
OO B O
OOSS O
OOOOOO

OOOOOO
ORB  O
O  O O
OO B O
OOSS O
OOOOOO

OOOOOO
O B  O
OR O O
OO B O
OOSS O
OOOOOO

OOOOOO
O B  O
O RO O
OO B O
OOSS O
OOOOOO

OOOOOO
O    O
O BO O
OORB O
OOSS O
OOOOOO

OOOOOO
O    O
O  O O
OOBB O
OORS O
OOOOOO

OOOOOO
O    O
O  O O
OOBB O
OOSR O
OOOOOO

OOOOOO
O    O
O  O O
OOBB O
OOSSRO
OOOOOO

OOOOOO
O    O
O  O O
OOBBRO
OOSS O
OOOOOO

OOOOOO
O    O
O  ORO
OOBB O
OOSS O
OOOOOO

OOOOOO
O   RO
O  O O
OOBB O
OOSS O
OOOOOO

OOOOOO
O  R O
O  O O
OOBB O
OOSS O
OOOOOO

OOOOOO
O R  O
O  O O
OOBB O
OOSS O
OOOOOO

OOOOOO
OR   O
O  O O
OOBB O
OOSS O
OOOOOO

OOOOOO
O    O
OR O O
OOBB O
OOSS O
OOOOOO

OOOOOO
O    O
O RO O
OOBB O
OOSS O
OOOOOO

OOOOOO
O    O
O  O O
OORB O
OOBS O
OOOOOO

OOOOOO
O    O
O RO O
OO B O
OOBS O
OOOOOO

OOOOOO
O R  O
O  O O
OO B O
OOBS O
OOOOOO

OOOOOO
O  R O
O  O O
OO B O
OOBS O
OOOOOO

OOOOOO
O   RO
O  O O
OO B O
OOBS O
OOOOOO

OOOOOO
O    O
O  ORO
OO B O
OOBS O
OOOOOO

OOOOOO
O    O
O  O O
OO BRO
OOBS O
OOOOOO

OOOOOO
O    O
O  O O
OOBR O
OOBS O
OOOOOO

OOOOOO
O    O
O  O O
OOB  O
OOBR O
OOOOOO

OOOOOO
O    O
O  O O
OOB  O
OOSBRO
OOOOOO

OOOOOO
O    O
O  O O
OOB RO
OOSB O
OOOOOO

OOOOOO
O    O
O  ORO
OOB  O
OOSB O
OOOOOO

OOOOOO
O   RO
O  O O
OOB  O
OOSB O
OOOOOO

OOOOOO
O  R O
O  O O
OOB  O
OOSB O
OOOOOO

OOOOOO
O R  O
O  O O
OOB  O
OOSB O
OOOOOO

OOOOOO
OR   O
O  O O
OOB  O
OOSB O
OOOOOO

OOOOOO
O    O
OR O O
OOB  O
OOSB O
OOOOOO

OOOOOO
O    O
O RO O
OOB  O
OOSB O
OOOOOO

OOOOOO
O    O
O  O O
OOR  O
OOBB O
OOOOOO

